This file contains any messages produced by compilers while
running configure, to aid debugging if configure makes a mistake.

It was created by libmodbus configure 3.1.4, which was
generated by GNU Autoconf 2.69.  Invocation command line was

  $ ./configure 

## --------- ##
## Platform. ##
## --------- ##

hostname = robohome-pc
uname -m = i686
uname -r = 3.13.0-55-generic
uname -s = Linux
uname -v = #94-Ubuntu SMP Thu Jun 18 00:28:41 UTC 2015

/usr/bin/uname -p = unknown
/bin/uname -X     = unknown

/bin/arch              = unknown
/usr/bin/arch -k       = unknown
/usr/convex/getsysinfo = unknown
/usr/bin/hostinfo      = unknown
/bin/machine           = unknown
/usr/bin/oslevel       = unknown
/bin/universe          = unknown

PATH: /usr/local/sbin
PATH: /usr/local/bin
PATH: /usr/sbin
PATH: /usr/bin
PATH: /sbin
PATH: /bin
PATH: /usr/games
PATH: /usr/local/games
PATH: /home/admin/CT_4_6_3/bin/


## ----------- ##
## Core tests. ##
## ----------- ##

configure:2641: checking for a BSD-compatible install
configure:2709: result: /usr/bin/install -c
configure:2720: checking whether build environment is sane
configure:2775: result: yes
configure:2926: checking for a thread-safe mkdir -p
configure:2965: result: /bin/mkdir -p
configure:2972: checking for gawk
configure:2988: found /usr/bin/gawk
configure:2999: result: gawk
configure:3010: checking whether make sets $(MAKE)
configure:3032: result: yes
configure:3061: checking whether make supports nested variables
configure:3078: result: yes
configure:3157: checking how to create a pax tar archive
configure:3168: tar --version
tar (GNU tar) 1.27.1
Copyright (C) 2013 Free Software Foundation, Inc.
License GPLv3+: GNU GPL version 3 or later <http://gnu.org/licenses/gpl.html>.
This is free software: you are free to change and redistribute it.
There is NO WARRANTY, to the extent permitted by law.

Written by John Gilmore and Jay Fenlason.
configure:3171: $? = 0
configure:3211: tardir=conftest.dir && eval tar --format=posix -chf - "$tardir" >conftest.tar
configure:3214: $? = 0
configure:3218: tar -xf - <conftest.tar
configure:3221: $? = 0
configure:3223: cat conftest.dir/file
GrepMe
configure:3226: $? = 0
configure:3239: result: gnutar
configure:3300: checking for style of include used by make
configure:3328: result: GNU
configure:3399: checking for gcc
configure:3415: found /usr/bin/gcc
configure:3426: result: gcc
configure:3655: checking for C compiler version
configure:3664: gcc --version >&5
gcc (Ubuntu 4.8.4-2ubuntu1~14.04) 4.8.4
Copyright (C) 2013 Free Software Foundation, Inc.
This is free software; see the source for copying conditions.  There is NO
warranty; not even for MERCHANTABILITY or FITNESS FOR A PARTICULAR PURPOSE.

configure:3675: $? = 0
configure:3664: gcc -v >&5
Using built-in specs.
COLLECT_GCC=gcc
COLLECT_LTO_WRAPPER=/usr/lib/gcc/i686-linux-gnu/4.8/lto-wrapper
Target: i686-linux-gnu
Configured with: ../src/configure -v --with-pkgversion='Ubuntu 4.8.4-2ubuntu1~14.04' --with-bugurl=file:///usr/share/doc/gcc-4.8/README.Bugs --enable-languages=c,c++,java,go,d,fortran,objc,obj-c++ --prefix=/usr --program-suffix=-4.8 --enable-shared --enable-linker-build-id --libexecdir=/usr/lib --without-included-gettext --enable-threads=posix --with-gxx-include-dir=/usr/include/c++/4.8 --libdir=/usr/lib --enable-nls --with-sysroot=/ --enable-clocale=gnu --enable-libstdcxx-debug --enable-libstdcxx-time=yes --enable-gnu-unique-object --disable-libmudflap --enable-plugin --with-system-zlib --disable-browser-plugin --enable-java-awt=gtk --enable-gtk-cairo --with-java-home=/usr/lib/jvm/java-1.5.0-gcj-4.8-i386/jre --enable-java-home --with-jvm-root-dir=/usr/lib/jvm/java-1.5.0-gcj-4.8-i386 --with-jvm-jar-dir=/usr/lib/jvm-exports/java-1.5.0-gcj-4.8-i386 --with-arch-directory=i386 --with-ecj-jar=/usr/share/java/eclipse-ecj.jar --enable-objc-gc --enable-targets=all --enable-multiarch --disable-werror --with-arch-32=i686 --with-multilib-list=m32,m64,mx32 --with-tune=generic --enable-checking=release --build=i686-linux-gnu --host=i686-linux-gnu --target=i686-linux-gnu
Thread model: posix
gcc version 4.8.4 (Ubuntu 4.8.4-2ubuntu1~14.04) 
configure:3675: $? = 0
configure:3664: gcc -V >&5
gcc: error: unrecognized command line option '-V'
gcc: fatal error: no input files
compilation terminated.
configure:3675: $? = 4
configure:3664: gcc -qversion >&5
gcc: error: unrecognized command line option '-qversion'
gcc: fatal error: no input files
compilation terminated.
configure:3675: $? = 4
configure:3695: checking whether the C compiler works
configure:3717: gcc    conftest.c  >&5
configure:3721: $? = 0
configure:3769: result: yes
configure:3772: checking for C compiler default output file name
configure:3774: result: a.out
configure:3780: checking for suffix of executables
configure:3787: gcc -o conftest    conftest.c  >&5
configure:3791: $? = 0
configure:3813: result: 
configure:3835: checking whether we are cross compiling
configure:3843: gcc -o conftest    conftest.c  >&5
configure:3847: $? = 0
configure:3854: ./conftest
configure:3858: $? = 0
configure:3873: result: no
configure:3878: checking for suffix of object files
configure:3900: gcc -c   conftest.c >&5
configure:3904: $? = 0
configure:3925: result: o
configure:3929: checking whether we are using the GNU C compiler
configure:3948: gcc -c   conftest.c >&5
configure:3948: $? = 0
configure:3957: result: yes
configure:3966: checking whether gcc accepts -g
configure:3986: gcc -c -g  conftest.c >&5
configure:3986: $? = 0
configure:4027: result: yes
configure:4044: checking for gcc option to accept ISO C89
configure:4107: gcc  -c -g -O2  conftest.c >&5
configure:4107: $? = 0
configure:4120: result: none needed
configure:4145: checking whether gcc understands -c and -o together
configure:4167: gcc -c conftest.c -o conftest2.o
configure:4170: $? = 0
configure:4167: gcc -c conftest.c -o conftest2.o
configure:4170: $? = 0
configure:4182: result: yes
configure:4201: checking dependency style of gcc
configure:4312: result: gcc3
configure:4331: checking for gcc option to accept ISO C99
configure:4480: gcc  -c -g -O2  conftest.c >&5
conftest.c:61:29: error: expected ';', ',' or ')' before 'text'
 test_restrict (ccp restrict text)
                             ^
conftest.c: In function 'main':
conftest.c:115:18: error: expected '=', ',', ';', 'asm' or '__attribute__' before 'newvar'
   char *restrict newvar = "Another string";
                  ^
conftest.c:115:18: error: 'newvar' undeclared (first use in this function)
conftest.c:115:18: note: each undeclared identifier is reported only once for each function it appears in
conftest.c:125:3: error: 'for' loop initial declarations are only allowed in C99 mode
   for (int i = 0; i < ia->datasize; ++i)
   ^
conftest.c:125:3: note: use option -std=c99 or -std=gnu99 to compile your code
configure:4480: $? = 1
configure: failed program was:
| /* confdefs.h */
| #define PACKAGE_NAME "libmodbus"
| #define PACKAGE_TARNAME "libmodbus"
| #define PACKAGE_VERSION "3.1.4"
| #define PACKAGE_STRING "libmodbus 3.1.4"
| #define PACKAGE_BUGREPORT "https://github.com/stephane/libmodbus/issues"
| #define PACKAGE_URL "http://libmodbus.org/"
| #define PACKAGE "libmodbus"
| #define VERSION "3.1.4"
| /* end confdefs.h.  */
| #include <stdarg.h>
| #include <stdbool.h>
| #include <stdlib.h>
| #include <wchar.h>
| #include <stdio.h>
| 
| // Check varargs macros.  These examples are taken from C99 6.10.3.5.
| #define debug(...) fprintf (stderr, __VA_ARGS__)
| #define showlist(...) puts (#__VA_ARGS__)
| #define report(test,...) ((test) ? puts (#test) : printf (__VA_ARGS__))
| static void
| test_varargs_macros (void)
| {
|   int x = 1234;
|   int y = 5678;
|   debug ("Flag");
|   debug ("X = %d\n", x);
|   showlist (The first, second, and third items.);
|   report (x>y, "x is %d but y is %d", x, y);
| }
| 
| // Check long long types.
| #define BIG64 18446744073709551615ull
| #define BIG32 4294967295ul
| #define BIG_OK (BIG64 / BIG32 == 4294967297ull && BIG64 % BIG32 == 0)
| #if !BIG_OK
|   your preprocessor is broken;
| #endif
| #if BIG_OK
| #else
|   your preprocessor is broken;
| #endif
| static long long int bignum = -9223372036854775807LL;
| static unsigned long long int ubignum = BIG64;
| 
| struct incomplete_array
| {
|   int datasize;
|   double data[];
| };
| 
| struct named_init {
|   int number;
|   const wchar_t *name;
|   double average;
| };
| 
| typedef const char *ccp;
| 
| static inline int
| test_restrict (ccp restrict text)
| {
|   // See if C++-style comments work.
|   // Iterate through items via the restricted pointer.
|   // Also check for declarations in for loops.
|   for (unsigned int i = 0; *(text+i) != '\0'; ++i)
|     continue;
|   return 0;
| }
| 
| // Check varargs and va_copy.
| static void
| test_varargs (const char *format, ...)
| {
|   va_list args;
|   va_start (args, format);
|   va_list args_copy;
|   va_copy (args_copy, args);
| 
|   const char *str;
|   int number;
|   float fnumber;
| 
|   while (*format)
|     {
|       switch (*format++)
| 	{
| 	case 's': // string
| 	  str = va_arg (args_copy, const char *);
| 	  break;
| 	case 'd': // int
| 	  number = va_arg (args_copy, int);
| 	  break;
| 	case 'f': // float
| 	  fnumber = va_arg (args_copy, double);
| 	  break;
| 	default:
| 	  break;
| 	}
|     }
|   va_end (args_copy);
|   va_end (args);
| }
| 
| int
| main ()
| {
| 
|   // Check bool.
|   _Bool success = false;
| 
|   // Check restrict.
|   if (test_restrict ("String literal") == 0)
|     success = true;
|   char *restrict newvar = "Another string";
| 
|   // Check varargs.
|   test_varargs ("s, d' f .", "string", 65, 34.234);
|   test_varargs_macros ();
| 
|   // Check flexible array members.
|   struct incomplete_array *ia =
|     malloc (sizeof (struct incomplete_array) + (sizeof (double) * 10));
|   ia->datasize = 10;
|   for (int i = 0; i < ia->datasize; ++i)
|     ia->data[i] = i * 1.234;
| 
|   // Check named initializers.
|   struct named_init ni = {
|     .number = 34,
|     .name = L"Test wide string",
|     .average = 543.34343,
|   };
| 
|   ni.number = 58;
| 
|   int dynamic_array[ni.number];
|   dynamic_array[ni.number - 1] = 543;
| 
|   // work around unused variable warnings
|   return (!success || bignum == 0LL || ubignum == 0uLL || newvar[0] == 'x'
| 	  || dynamic_array[ni.number - 1] != 543);
| 
|   ;
|   return 0;
| }
configure:4480: gcc -std=gnu99 -c -g -O2  conftest.c >&5
configure:4480: $? = 0
configure:4500: result: -std=gnu99
configure:4601: checking for gcc -std=gnu99 option to accept ISO Standard C
configure:4615: result: -std=gnu99
configure:4625: checking how to run the C preprocessor
configure:4656: gcc -std=gnu99 -E  conftest.c
configure:4656: $? = 0
configure:4670: gcc -std=gnu99 -E  conftest.c
conftest.c:11:28: fatal error: ac_nonexistent.h: No such file or directory
 #include <ac_nonexistent.h>
                            ^
compilation terminated.
configure:4670: $? = 1
configure: failed program was:
| /* confdefs.h */
| #define PACKAGE_NAME "libmodbus"
| #define PACKAGE_TARNAME "libmodbus"
| #define PACKAGE_VERSION "3.1.4"
| #define PACKAGE_STRING "libmodbus 3.1.4"
| #define PACKAGE_BUGREPORT "https://github.com/stephane/libmodbus/issues"
| #define PACKAGE_URL "http://libmodbus.org/"
| #define PACKAGE "libmodbus"
| #define VERSION "3.1.4"
| /* end confdefs.h.  */
| #include <ac_nonexistent.h>
configure:4695: result: gcc -std=gnu99 -E
configure:4715: gcc -std=gnu99 -E  conftest.c
configure:4715: $? = 0
configure:4729: gcc -std=gnu99 -E  conftest.c
conftest.c:11:28: fatal error: ac_nonexistent.h: No such file or directory
 #include <ac_nonexistent.h>
                            ^
compilation terminated.
configure:4729: $? = 1
configure: failed program was:
| /* confdefs.h */
| #define PACKAGE_NAME "libmodbus"
| #define PACKAGE_TARNAME "libmodbus"
| #define PACKAGE_VERSION "3.1.4"
| #define PACKAGE_STRING "libmodbus 3.1.4"
| #define PACKAGE_BUGREPORT "https://github.com/stephane/libmodbus/issues"
| #define PACKAGE_URL "http://libmodbus.org/"
| #define PACKAGE "libmodbus"
| #define VERSION "3.1.4"
| /* end confdefs.h.  */
| #include <ac_nonexistent.h>
configure:4758: checking for grep that handles long lines and -e
configure:4816: result: /bin/grep
configure:4821: checking for egrep
configure:4883: result: /bin/grep -E
configure:4888: checking for ANSI C header files
configure:4908: gcc -std=gnu99 -c -g -O2  conftest.c >&5
configure:4908: $? = 0
configure:4981: gcc -std=gnu99 -o conftest -g -O2   conftest.c  >&5
configure:4981: $? = 0
configure:4981: ./conftest
configure:4981: $? = 0
configure:4992: result: yes
configure:5005: checking for sys/types.h
configure:5005: gcc -std=gnu99 -c -g -O2  conftest.c >&5
configure:5005: $? = 0
configure:5005: result: yes
configure:5005: checking for sys/stat.h
configure:5005: gcc -std=gnu99 -c -g -O2  conftest.c >&5
configure:5005: $? = 0
configure:5005: result: yes
configure:5005: checking for stdlib.h
configure:5005: gcc -std=gnu99 -c -g -O2  conftest.c >&5
configure:5005: $? = 0
configure:5005: result: yes
configure:5005: checking for string.h
configure:5005: gcc -std=gnu99 -c -g -O2  conftest.c >&5
configure:5005: $? = 0
configure:5005: result: yes
configure:5005: checking for memory.h
configure:5005: gcc -std=gnu99 -c -g -O2  conftest.c >&5
configure:5005: $? = 0
configure:5005: result: yes
configure:5005: checking for strings.h
configure:5005: gcc -std=gnu99 -c -g -O2  conftest.c >&5
configure:5005: $? = 0
configure:5005: result: yes
configure:5005: checking for inttypes.h
configure:5005: gcc -std=gnu99 -c -g -O2  conftest.c >&5
configure:5005: $? = 0
configure:5005: result: yes
configure:5005: checking for stdint.h
configure:5005: gcc -std=gnu99 -c -g -O2  conftest.c >&5
configure:5005: $? = 0
configure:5005: result: yes
configure:5005: checking for unistd.h
configure:5005: gcc -std=gnu99 -c -g -O2  conftest.c >&5
configure:5005: $? = 0
configure:5005: result: yes
configure:5018: checking minix/config.h usability
configure:5018: gcc -std=gnu99 -c -g -O2  conftest.c >&5
conftest.c:54:26: fatal error: minix/config.h: No such file or directory
 #include <minix/config.h>
                          ^
compilation terminated.
configure:5018: $? = 1
configure: failed program was:
| /* confdefs.h */
| #define PACKAGE_NAME "libmodbus"
| #define PACKAGE_TARNAME "libmodbus"
| #define PACKAGE_VERSION "3.1.4"
| #define PACKAGE_STRING "libmodbus 3.1.4"
| #define PACKAGE_BUGREPORT "https://github.com/stephane/libmodbus/issues"
| #define PACKAGE_URL "http://libmodbus.org/"
| #define PACKAGE "libmodbus"
| #define VERSION "3.1.4"
| #define STDC_HEADERS 1
| #define HAVE_SYS_TYPES_H 1
| #define HAVE_SYS_STAT_H 1
| #define HAVE_STDLIB_H 1
| #define HAVE_STRING_H 1
| #define HAVE_MEMORY_H 1
| #define HAVE_STRINGS_H 1
| #define HAVE_INTTYPES_H 1
| #define HAVE_STDINT_H 1
| #define HAVE_UNISTD_H 1
| /* end confdefs.h.  */
| #include <stdio.h>
| #ifdef HAVE_SYS_TYPES_H
| # include <sys/types.h>
| #endif
| #ifdef HAVE_SYS_STAT_H
| # include <sys/stat.h>
| #endif
| #ifdef STDC_HEADERS
| # include <stdlib.h>
| # include <stddef.h>
| #else
| # ifdef HAVE_STDLIB_H
| #  include <stdlib.h>
| # endif
| #endif
| #ifdef HAVE_STRING_H
| # if !defined STDC_HEADERS && defined HAVE_MEMORY_H
| #  include <memory.h>
| # endif
| # include <string.h>
| #endif
| #ifdef HAVE_STRINGS_H
| # include <strings.h>
| #endif
| #ifdef HAVE_INTTYPES_H
| # include <inttypes.h>
| #endif
| #ifdef HAVE_STDINT_H
| # include <stdint.h>
| #endif
| #ifdef HAVE_UNISTD_H
| # include <unistd.h>
| #endif
| #include <minix/config.h>
configure:5018: result: no
configure:5018: checking minix/config.h presence
configure:5018: gcc -std=gnu99 -E  conftest.c
conftest.c:21:26: fatal error: minix/config.h: No such file or directory
 #include <minix/config.h>
                          ^
compilation terminated.
configure:5018: $? = 1
configure: failed program was:
| /* confdefs.h */
| #define PACKAGE_NAME "libmodbus"
| #define PACKAGE_TARNAME "libmodbus"
| #define PACKAGE_VERSION "3.1.4"
| #define PACKAGE_STRING "libmodbus 3.1.4"
| #define PACKAGE_BUGREPORT "https://github.com/stephane/libmodbus/issues"
| #define PACKAGE_URL "http://libmodbus.org/"
| #define PACKAGE "libmodbus"
| #define VERSION "3.1.4"
| #define STDC_HEADERS 1
| #define HAVE_SYS_TYPES_H 1
| #define HAVE_SYS_STAT_H 1
| #define HAVE_STDLIB_H 1
| #define HAVE_STRING_H 1
| #define HAVE_MEMORY_H 1
| #define HAVE_STRINGS_H 1
| #define HAVE_INTTYPES_H 1
| #define HAVE_STDINT_H 1
| #define HAVE_UNISTD_H 1
| /* end confdefs.h.  */
| #include <minix/config.h>
configure:5018: result: no
configure:5018: checking for minix/config.h
configure:5018: result: no
configure:5039: checking whether it is safe to define __EXTENSIONS__
configure:5057: gcc -std=gnu99 -c -g -O2  conftest.c >&5
configure:5057: $? = 0
configure:5064: result: yes
configure:5085: checking for special C compiler options needed for large files
configure:5130: result: no
configure:5136: checking for _FILE_OFFSET_BITS value needed for large files
configure:5161: gcc -std=gnu99 -c -g -O2  conftest.c >&5
conftest.c:32:7: error: size of array 'off_t_is_large' is negative
   int off_t_is_large[(LARGE_OFF_T % 2147483629 == 721
       ^
configure:5161: $? = 1
configure: failed program was:
| /* confdefs.h */
| #define PACKAGE_NAME "libmodbus"
| #define PACKAGE_TARNAME "libmodbus"
| #define PACKAGE_VERSION "3.1.4"
| #define PACKAGE_STRING "libmodbus 3.1.4"
| #define PACKAGE_BUGREPORT "https://github.com/stephane/libmodbus/issues"
| #define PACKAGE_URL "http://libmodbus.org/"
| #define PACKAGE "libmodbus"
| #define VERSION "3.1.4"
| #define STDC_HEADERS 1
| #define HAVE_SYS_TYPES_H 1
| #define HAVE_SYS_STAT_H 1
| #define HAVE_STDLIB_H 1
| #define HAVE_STRING_H 1
| #define HAVE_MEMORY_H 1
| #define HAVE_STRINGS_H 1
| #define HAVE_INTTYPES_H 1
| #define HAVE_STDINT_H 1
| #define HAVE_UNISTD_H 1
| #define __EXTENSIONS__ 1
| #define _ALL_SOURCE 1
| #define _GNU_SOURCE 1
| #define _POSIX_PTHREAD_SEMANTICS 1
| #define _TANDEM_SOURCE 1
| /* end confdefs.h.  */
| #include <sys/types.h>
|  /* Check that off_t can represent 2**63 - 1 correctly.
|     We can't simply define LARGE_OFF_T to be 9223372036854775807,
|     since some C++ compilers masquerading as C compilers
|     incorrectly reject 9223372036854775807.  */
| #define LARGE_OFF_T ((((off_t) 1 << 31) << 31) - 1 + (((off_t) 1 << 31) << 31))
|   int off_t_is_large[(LARGE_OFF_T % 2147483629 == 721
| 		       && LARGE_OFF_T % 2147483647 == 1)
| 		      ? 1 : -1];
| int
| main ()
| {
| 
|   ;
|   return 0;
| }
configure:5185: gcc -std=gnu99 -c -g -O2  conftest.c >&5
configure:5185: $? = 0
configure:5193: result: 64
configure:5290: checking whether make supports nested variables
configure:5307: result: yes
configure:5340: checking build system type
configure:5354: result: i686-pc-linux-gnu
configure:5374: checking host system type
configure:5387: result: i686-pc-linux-gnu
configure:5486: checking how to print strings
configure:5513: result: printf
configure:5534: checking for a sed that does not truncate output
configure:5598: result: /bin/sed
configure:5616: checking for fgrep
configure:5678: result: /bin/grep -F
configure:5713: checking for ld used by gcc -std=gnu99
configure:5780: result: /usr/bin/ld
configure:5787: checking if the linker (/usr/bin/ld) is GNU ld
configure:5802: result: yes
configure:5814: checking for BSD- or MS-compatible name lister (nm)
configure:5863: result: /usr/bin/nm -B
configure:5993: checking the name lister (/usr/bin/nm -B) interface
configure:6000: gcc -std=gnu99 -c -g -O2  conftest.c >&5
configure:6003: /usr/bin/nm -B "conftest.o"
configure:6006: output
00000000 B some_variable
configure:6013: result: BSD nm
configure:6016: checking whether ln -s works
configure:6020: result: yes
configure:6028: checking the maximum length of command line arguments
configure:6159: result: 1572864
configure:6176: checking whether the shell understands some XSI constructs
configure:6186: result: yes
configure:6190: checking whether the shell understands "+="
configure:6196: result: yes
configure:6231: checking how to convert i686-pc-linux-gnu file names to i686-pc-linux-gnu format
configure:6271: result: func_convert_file_noop
configure:6278: checking how to convert i686-pc-linux-gnu file names to toolchain format
configure:6298: result: func_convert_file_noop
configure:6305: checking for /usr/bin/ld option to reload object files
configure:6312: result: -r
configure:6386: checking for objdump
configure:6402: found /usr/bin/objdump
configure:6413: result: objdump
configure:6442: checking how to recognize dependent libraries
configure:6640: result: pass_all
configure:6725: checking for dlltool
configure:6755: result: no
configure:6782: checking how to associate runtime and link libraries
configure:6809: result: printf %s\n
configure:6869: checking for ar
configure:6885: found /usr/bin/ar
configure:6896: result: ar
configure:6933: checking for archiver @FILE support
configure:6950: gcc -std=gnu99 -c -g -O2  conftest.c >&5
configure:6950: $? = 0
configure:6953: ar cru libconftest.a @conftest.lst >&5
configure:6956: $? = 0
configure:6961: ar cru libconftest.a @conftest.lst >&5
ar: conftest.o: No such file or directory
configure:6964: $? = 1
configure:6976: result: @
configure:7034: checking for strip
configure:7050: found /usr/bin/strip
configure:7061: result: strip
configure:7133: checking for ranlib
configure:7149: found /usr/bin/ranlib
configure:7160: result: ranlib
configure:7262: checking command to parse /usr/bin/nm -B output from gcc -std=gnu99 object
configure:7382: gcc -std=gnu99 -c -g -O2  conftest.c >&5
configure:7385: $? = 0
configure:7389: /usr/bin/nm -B conftest.o \| sed -n -e 's/^.*[ ]\([ABCDGIRSTW][ABCDGIRSTW]*\)[ ][ ]*\([_A-Za-z][_A-Za-z0-9]*\)$/\1 \2 \2/p' | sed '/ __gnu_lto/d' \> conftest.nm
configure:7392: $? = 0
configure:7458: gcc -std=gnu99 -o conftest -g -O2   conftest.c conftstm.o >&5
configure:7461: $? = 0
configure:7499: result: ok
configure:7536: checking for sysroot
configure:7566: result: no
configure:7835: checking for mt
configure:7851: found /bin/mt
configure:7862: result: mt
configure:7885: checking if mt is a manifest tool
configure:7891: mt '-?'
configure:7899: result: no
configure:8538: checking for dlfcn.h
configure:8538: gcc -std=gnu99 -c -g -O2  conftest.c >&5
configure:8538: $? = 0
configure:8538: result: yes
configure:9040: checking for objdir
configure:9055: result: .libs
configure:9326: checking if gcc -std=gnu99 supports -fno-rtti -fno-exceptions
configure:9344: gcc -std=gnu99 -c -g -O2  -fno-rtti -fno-exceptions conftest.c >&5
cc1: warning: command line option '-fno-rtti' is valid for C++/ObjC++ but not for C [enabled by default]
configure:9348: $? = 0
configure:9361: result: no
configure:9688: checking for gcc -std=gnu99 option to produce PIC
configure:9695: result: -fPIC -DPIC
configure:9703: checking if gcc -std=gnu99 PIC flag -fPIC -DPIC works
configure:9721: gcc -std=gnu99 -c -g -O2  -fPIC -DPIC -DPIC conftest.c >&5
configure:9725: $? = 0
configure:9738: result: yes
configure:9767: checking if gcc -std=gnu99 static flag -static works
configure:9795: result: yes
configure:9810: checking if gcc -std=gnu99 supports -c -o file.o
configure:9831: gcc -std=gnu99 -c -g -O2  -o out/conftest2.o conftest.c >&5
configure:9835: $? = 0
configure:9857: result: yes
configure:9865: checking if gcc -std=gnu99 supports -c -o file.o
configure:9912: result: yes
configure:9945: checking whether the gcc -std=gnu99 linker (/usr/bin/ld) supports shared libraries
configure:11102: result: yes
configure:11139: checking whether -lc should be explicitly linked in
configure:11147: gcc -std=gnu99 -c -g -O2  conftest.c >&5
configure:11150: $? = 0
configure:11165: gcc -std=gnu99 -shared  -fPIC -DPIC conftest.o  -v -Wl,-soname -Wl,conftest -o conftest 2\>\&1 \| /bin/grep  -lc  \>/dev/null 2\>\&1
configure:11168: $? = 0
configure:11182: result: no
configure:11342: checking dynamic linker characteristics
configure:11842: gcc -std=gnu99 -o conftest -g -O2   -Wl,-rpath -Wl,/foo conftest.c  >&5
configure:11842: $? = 0
configure:12076: result: GNU/Linux ld.so
configure:12183: checking how to hardcode library paths into programs
configure:12208: result: immediate
configure:12748: checking whether stripping libraries is possible
configure:12753: result: yes
configure:12788: checking if libtool supports shared libraries
configure:12790: result: yes
configure:12793: checking whether to build shared libraries
configure:12814: result: yes
configure:12817: checking whether to build static libraries
configure:12821: result: no
configure:12879: checking arpa/inet.h usability
configure:12879: gcc -std=gnu99 -c -g -O2  conftest.c >&5
configure:12879: $? = 0
configure:12879: result: yes
configure:12879: checking arpa/inet.h presence
configure:12879: gcc -std=gnu99 -E  conftest.c
configure:12879: $? = 0
configure:12879: result: yes
configure:12879: checking for arpa/inet.h
configure:12879: result: yes
configure:12879: checking byteswap.h usability
configure:12879: gcc -std=gnu99 -c -g -O2  conftest.c >&5
configure:12879: $? = 0
configure:12879: result: yes
configure:12879: checking byteswap.h presence
configure:12879: gcc -std=gnu99 -E  conftest.c
configure:12879: $? = 0
configure:12879: result: yes
configure:12879: checking for byteswap.h
configure:12879: result: yes
configure:12879: checking errno.h usability
configure:12879: gcc -std=gnu99 -c -g -O2  conftest.c >&5
configure:12879: $? = 0
configure:12879: result: yes
configure:12879: checking errno.h presence
configure:12879: gcc -std=gnu99 -E  conftest.c
configure:12879: $? = 0
configure:12879: result: yes
configure:12879: checking for errno.h
configure:12879: result: yes
configure:12879: checking fcntl.h usability
configure:12879: gcc -std=gnu99 -c -g -O2  conftest.c >&5
configure:12879: $? = 0
configure:12879: result: yes
configure:12879: checking fcntl.h presence
configure:12879: gcc -std=gnu99 -E  conftest.c
configure:12879: $? = 0
configure:12879: result: yes
configure:12879: checking for fcntl.h
configure:12879: result: yes
configure:12879: checking limits.h usability
configure:12879: gcc -std=gnu99 -c -g -O2  conftest.c >&5
configure:12879: $? = 0
configure:12879: result: yes
configure:12879: checking limits.h presence
configure:12879: gcc -std=gnu99 -E  conftest.c
configure:12879: $? = 0
configure:12879: result: yes
configure:12879: checking for limits.h
configure:12879: result: yes
configure:12879: checking linux/serial.h usability
configure:12879: gcc -std=gnu99 -c -g -O2  conftest.c >&5
configure:12879: $? = 0
configure:12879: result: yes
configure:12879: checking linux/serial.h presence
configure:12879: gcc -std=gnu99 -E  conftest.c
configure:12879: $? = 0
configure:12879: result: yes
configure:12879: checking for linux/serial.h
configure:12879: result: yes
configure:12879: checking netdb.h usability
configure:12879: gcc -std=gnu99 -c -g -O2  conftest.c >&5
configure:12879: $? = 0
configure:12879: result: yes
configure:12879: checking netdb.h presence
configure:12879: gcc -std=gnu99 -E  conftest.c
configure:12879: $? = 0
configure:12879: result: yes
configure:12879: checking for netdb.h
configure:12879: result: yes
configure:12879: checking netinet/in.h usability
configure:12879: gcc -std=gnu99 -c -g -O2  conftest.c >&5
configure:12879: $? = 0
configure:12879: result: yes
configure:12879: checking netinet/in.h presence
configure:12879: gcc -std=gnu99 -E  conftest.c
configure:12879: $? = 0
configure:12879: result: yes
configure:12879: checking for netinet/in.h
configure:12879: result: yes
configure:12879: checking netinet/tcp.h usability
configure:12879: gcc -std=gnu99 -c -g -O2  conftest.c >&5
configure:12879: $? = 0
configure:12879: result: yes
configure:12879: checking netinet/tcp.h presence
configure:12879: gcc -std=gnu99 -E  conftest.c
configure:12879: $? = 0
configure:12879: result: yes
configure:12879: checking for netinet/tcp.h
configure:12879: result: yes
configure:12879: checking sys/ioctl.h usability
configure:12879: gcc -std=gnu99 -c -g -O2  conftest.c >&5
configure:12879: $? = 0
configure:12879: result: yes
configure:12879: checking sys/ioctl.h presence
configure:12879: gcc -std=gnu99 -E  conftest.c
configure:12879: $? = 0
configure:12879: result: yes
configure:12879: checking for sys/ioctl.h
configure:12879: result: yes
configure:12879: checking sys/params.h usability
configure:12879: gcc -std=gnu99 -c -g -O2  conftest.c >&5
conftest.c:72:24: fatal error: sys/params.h: No such file or directory
 #include <sys/params.h>
                        ^
compilation terminated.
configure:12879: $? = 1
configure: failed program was:
| /* confdefs.h */
| #define PACKAGE_NAME "libmodbus"
| #define PACKAGE_TARNAME "libmodbus"
| #define PACKAGE_VERSION "3.1.4"
| #define PACKAGE_STRING "libmodbus 3.1.4"
| #define PACKAGE_BUGREPORT "https://github.com/stephane/libmodbus/issues"
| #define PACKAGE_URL "http://libmodbus.org/"
| #define PACKAGE "libmodbus"
| #define VERSION "3.1.4"
| #define STDC_HEADERS 1
| #define HAVE_SYS_TYPES_H 1
| #define HAVE_SYS_STAT_H 1
| #define HAVE_STDLIB_H 1
| #define HAVE_STRING_H 1
| #define HAVE_MEMORY_H 1
| #define HAVE_STRINGS_H 1
| #define HAVE_INTTYPES_H 1
| #define HAVE_STDINT_H 1
| #define HAVE_UNISTD_H 1
| #define __EXTENSIONS__ 1
| #define _ALL_SOURCE 1
| #define _GNU_SOURCE 1
| #define _POSIX_PTHREAD_SEMANTICS 1
| #define _TANDEM_SOURCE 1
| #define _FILE_OFFSET_BITS 64
| #define HAVE_DLFCN_H 1
| #define LT_OBJDIR ".libs/"
| #define HAVE_ARPA_INET_H 1
| #define HAVE_BYTESWAP_H 1
| #define HAVE_ERRNO_H 1
| #define HAVE_FCNTL_H 1
| #define HAVE_LIMITS_H 1
| #define HAVE_LINUX_SERIAL_H 1
| #define HAVE_NETDB_H 1
| #define HAVE_NETINET_IN_H 1
| #define HAVE_NETINET_TCP_H 1
| #define HAVE_SYS_IOCTL_H 1
| /* end confdefs.h.  */
| #include <stdio.h>
| #ifdef HAVE_SYS_TYPES_H
| # include <sys/types.h>
| #endif
| #ifdef HAVE_SYS_STAT_H
| # include <sys/stat.h>
| #endif
| #ifdef STDC_HEADERS
| # include <stdlib.h>
| # include <stddef.h>
| #else
| # ifdef HAVE_STDLIB_H
| #  include <stdlib.h>
| # endif
| #endif
| #ifdef HAVE_STRING_H
| # if !defined STDC_HEADERS && defined HAVE_MEMORY_H
| #  include <memory.h>
| # endif
| # include <string.h>
| #endif
| #ifdef HAVE_STRINGS_H
| # include <strings.h>
| #endif
| #ifdef HAVE_INTTYPES_H
| # include <inttypes.h>
| #endif
| #ifdef HAVE_STDINT_H
| # include <stdint.h>
| #endif
| #ifdef HAVE_UNISTD_H
| # include <unistd.h>
| #endif
| #include <sys/params.h>
configure:12879: result: no
configure:12879: checking sys/params.h presence
configure:12879: gcc -std=gnu99 -E  conftest.c
conftest.c:39:24: fatal error: sys/params.h: No such file or directory
 #include <sys/params.h>
                        ^
compilation terminated.
configure:12879: $? = 1
configure: failed program was:
| /* confdefs.h */
| #define PACKAGE_NAME "libmodbus"
| #define PACKAGE_TARNAME "libmodbus"
| #define PACKAGE_VERSION "3.1.4"
| #define PACKAGE_STRING "libmodbus 3.1.4"
| #define PACKAGE_BUGREPORT "https://github.com/stephane/libmodbus/issues"
| #define PACKAGE_URL "http://libmodbus.org/"
| #define PACKAGE "libmodbus"
| #define VERSION "3.1.4"
| #define STDC_HEADERS 1
| #define HAVE_SYS_TYPES_H 1
| #define HAVE_SYS_STAT_H 1
| #define HAVE_STDLIB_H 1
| #define HAVE_STRING_H 1
| #define HAVE_MEMORY_H 1
| #define HAVE_STRINGS_H 1
| #define HAVE_INTTYPES_H 1
| #define HAVE_STDINT_H 1
| #define HAVE_UNISTD_H 1
| #define __EXTENSIONS__ 1
| #define _ALL_SOURCE 1
| #define _GNU_SOURCE 1
| #define _POSIX_PTHREAD_SEMANTICS 1
| #define _TANDEM_SOURCE 1
| #define _FILE_OFFSET_BITS 64
| #define HAVE_DLFCN_H 1
| #define LT_OBJDIR ".libs/"
| #define HAVE_ARPA_INET_H 1
| #define HAVE_BYTESWAP_H 1
| #define HAVE_ERRNO_H 1
| #define HAVE_FCNTL_H 1
| #define HAVE_LIMITS_H 1
| #define HAVE_LINUX_SERIAL_H 1
| #define HAVE_NETDB_H 1
| #define HAVE_NETINET_IN_H 1
| #define HAVE_NETINET_TCP_H 1
| #define HAVE_SYS_IOCTL_H 1
| /* end confdefs.h.  */
| #include <sys/params.h>
configure:12879: result: no
configure:12879: checking for sys/params.h
configure:12879: result: no
configure:12879: checking sys/socket.h usability
configure:12879: gcc -std=gnu99 -c -g -O2  conftest.c >&5
configure:12879: $? = 0
configure:12879: result: yes
configure:12879: checking sys/socket.h presence
configure:12879: gcc -std=gnu99 -E  conftest.c
configure:12879: $? = 0
configure:12879: result: yes
configure:12879: checking for sys/socket.h
configure:12879: result: yes
configure:12879: checking sys/time.h usability
configure:12879: gcc -std=gnu99 -c -g -O2  conftest.c >&5
configure:12879: $? = 0
configure:12879: result: yes
configure:12879: checking sys/time.h presence
configure:12879: gcc -std=gnu99 -E  conftest.c
configure:12879: $? = 0
configure:12879: result: yes
configure:12879: checking for sys/time.h
configure:12879: result: yes
configure:12879: checking for sys/types.h
configure:12879: result: yes
configure:12879: checking termios.h usability
configure:12879: gcc -std=gnu99 -c -g -O2  conftest.c >&5
configure:12879: $? = 0
configure:12879: result: yes
configure:12879: checking termios.h presence
configure:12879: gcc -std=gnu99 -E  conftest.c
configure:12879: $? = 0
configure:12879: result: yes
configure:12879: checking for termios.h
configure:12879: result: yes
configure:12879: checking time.h usability
configure:12879: gcc -std=gnu99 -c -g -O2  conftest.c >&5
configure:12879: $? = 0
configure:12879: result: yes
configure:12879: checking time.h presence
configure:12879: gcc -std=gnu99 -E  conftest.c
configure:12879: $? = 0
configure:12879: result: yes
configure:12879: checking for time.h
configure:12879: result: yes
configure:12879: checking for unistd.h
configure:12879: result: yes
configure:12908: checking for asciidoc
configure:12936: result: no
configure:12946: checking for xmlto
configure:12974: result: no
configure:12987: checking whether to build documentation
configure:12989: result: no
configure:12992: WARNING: The tools to build the documentation aren't installed
configure:13007: checking whether __CYGWIN__ is declared
configure:13007: gcc -std=gnu99 -c -g -O2  conftest.c >&5
conftest.c: In function 'main':
conftest.c:85:10: error: '__CYGWIN__' undeclared (first use in this function)
   (void) __CYGWIN__;
          ^
conftest.c:85:10: note: each undeclared identifier is reported only once for each function it appears in
configure:13007: $? = 1
configure: failed program was:
| /* confdefs.h */
| #define PACKAGE_NAME "libmodbus"
| #define PACKAGE_TARNAME "libmodbus"
| #define PACKAGE_VERSION "3.1.4"
| #define PACKAGE_STRING "libmodbus 3.1.4"
| #define PACKAGE_BUGREPORT "https://github.com/stephane/libmodbus/issues"
| #define PACKAGE_URL "http://libmodbus.org/"
| #define PACKAGE "libmodbus"
| #define VERSION "3.1.4"
| #define STDC_HEADERS 1
| #define HAVE_SYS_TYPES_H 1
| #define HAVE_SYS_STAT_H 1
| #define HAVE_STDLIB_H 1
| #define HAVE_STRING_H 1
| #define HAVE_MEMORY_H 1
| #define HAVE_STRINGS_H 1
| #define HAVE_INTTYPES_H 1
| #define HAVE_STDINT_H 1
| #define HAVE_UNISTD_H 1
| #define __EXTENSIONS__ 1
| #define _ALL_SOURCE 1
| #define _GNU_SOURCE 1
| #define _POSIX_PTHREAD_SEMANTICS 1
| #define _TANDEM_SOURCE 1
| #define _FILE_OFFSET_BITS 64
| #define HAVE_DLFCN_H 1
| #define LT_OBJDIR ".libs/"
| #define HAVE_ARPA_INET_H 1
| #define HAVE_BYTESWAP_H 1
| #define HAVE_ERRNO_H 1
| #define HAVE_FCNTL_H 1
| #define HAVE_LIMITS_H 1
| #define HAVE_LINUX_SERIAL_H 1
| #define HAVE_NETDB_H 1
| #define HAVE_NETINET_IN_H 1
| #define HAVE_NETINET_TCP_H 1
| #define HAVE_SYS_IOCTL_H 1
| #define HAVE_SYS_SOCKET_H 1
| #define HAVE_SYS_TIME_H 1
| #define HAVE_SYS_TYPES_H 1
| #define HAVE_TERMIOS_H 1
| #define HAVE_TIME_H 1
| #define HAVE_UNISTD_H 1
| /* end confdefs.h.  */
| #include <stdio.h>
| #ifdef HAVE_SYS_TYPES_H
| # include <sys/types.h>
| #endif
| #ifdef HAVE_SYS_STAT_H
| # include <sys/stat.h>
| #endif
| #ifdef STDC_HEADERS
| # include <stdlib.h>
| # include <stddef.h>
| #else
| # ifdef HAVE_STDLIB_H
| #  include <stdlib.h>
| # endif
| #endif
| #ifdef HAVE_STRING_H
| # if !defined STDC_HEADERS && defined HAVE_MEMORY_H
| #  include <memory.h>
| # endif
| # include <string.h>
| #endif
| #ifdef HAVE_STRINGS_H
| # include <strings.h>
| #endif
| #ifdef HAVE_INTTYPES_H
| # include <inttypes.h>
| #endif
| #ifdef HAVE_STDINT_H
| # include <stdint.h>
| #endif
| #ifdef HAVE_UNISTD_H
| # include <unistd.h>
| #endif
| int
| main ()
| {
| #ifndef __CYGWIN__
| #ifdef __cplusplus
|   (void) __CYGWIN__;
| #else
|   (void) __CYGWIN__;
| #endif
| #endif
| 
|   ;
|   return 0;
| }
configure:13007: result: no
configure:13020: checking for pid_t
configure:13020: gcc -std=gnu99 -c -g -O2  conftest.c >&5
configure:13020: $? = 0
configure:13020: gcc -std=gnu99 -c -g -O2  conftest.c >&5
conftest.c: In function 'main':
conftest.c:82:20: error: expected expression before ')' token
 if (sizeof ((pid_t)))
                    ^
configure:13020: $? = 1
configure: failed program was:
| /* confdefs.h */
| #define PACKAGE_NAME "libmodbus"
| #define PACKAGE_TARNAME "libmodbus"
| #define PACKAGE_VERSION "3.1.4"
| #define PACKAGE_STRING "libmodbus 3.1.4"
| #define PACKAGE_BUGREPORT "https://github.com/stephane/libmodbus/issues"
| #define PACKAGE_URL "http://libmodbus.org/"
| #define PACKAGE "libmodbus"
| #define VERSION "3.1.4"
| #define STDC_HEADERS 1
| #define HAVE_SYS_TYPES_H 1
| #define HAVE_SYS_STAT_H 1
| #define HAVE_STDLIB_H 1
| #define HAVE_STRING_H 1
| #define HAVE_MEMORY_H 1
| #define HAVE_STRINGS_H 1
| #define HAVE_INTTYPES_H 1
| #define HAVE_STDINT_H 1
| #define HAVE_UNISTD_H 1
| #define __EXTENSIONS__ 1
| #define _ALL_SOURCE 1
| #define _GNU_SOURCE 1
| #define _POSIX_PTHREAD_SEMANTICS 1
| #define _TANDEM_SOURCE 1
| #define _FILE_OFFSET_BITS 64
| #define HAVE_DLFCN_H 1
| #define LT_OBJDIR ".libs/"
| #define HAVE_ARPA_INET_H 1
| #define HAVE_BYTESWAP_H 1
| #define HAVE_ERRNO_H 1
| #define HAVE_FCNTL_H 1
| #define HAVE_LIMITS_H 1
| #define HAVE_LINUX_SERIAL_H 1
| #define HAVE_NETDB_H 1
| #define HAVE_NETINET_IN_H 1
| #define HAVE_NETINET_TCP_H 1
| #define HAVE_SYS_IOCTL_H 1
| #define HAVE_SYS_SOCKET_H 1
| #define HAVE_SYS_TIME_H 1
| #define HAVE_SYS_TYPES_H 1
| #define HAVE_TERMIOS_H 1
| #define HAVE_TIME_H 1
| #define HAVE_UNISTD_H 1
| #define HAVE_DECL___CYGWIN__ 0
| /* end confdefs.h.  */
| #include <stdio.h>
| #ifdef HAVE_SYS_TYPES_H
| # include <sys/types.h>
| #endif
| #ifdef HAVE_SYS_STAT_H
| # include <sys/stat.h>
| #endif
| #ifdef STDC_HEADERS
| # include <stdlib.h>
| # include <stddef.h>
| #else
| # ifdef HAVE_STDLIB_H
| #  include <stdlib.h>
| # endif
| #endif
| #ifdef HAVE_STRING_H
| # if !defined STDC_HEADERS && defined HAVE_MEMORY_H
| #  include <memory.h>
| # endif
| # include <string.h>
| #endif
| #ifdef HAVE_STRINGS_H
| # include <strings.h>
| #endif
| #ifdef HAVE_INTTYPES_H
| # include <inttypes.h>
| #endif
| #ifdef HAVE_STDINT_H
| # include <stdint.h>
| #endif
| #ifdef HAVE_UNISTD_H
| # include <unistd.h>
| #endif
| int
| main ()
| {
| if (sizeof ((pid_t)))
| 	    return 0;
|   ;
|   return 0;
| }
configure:13020: result: yes
configure:13033: checking vfork.h usability
configure:13033: gcc -std=gnu99 -c -g -O2  conftest.c >&5
conftest.c:79:19: fatal error: vfork.h: No such file or directory
 #include <vfork.h>
                   ^
compilation terminated.
configure:13033: $? = 1
configure: failed program was:
| /* confdefs.h */
| #define PACKAGE_NAME "libmodbus"
| #define PACKAGE_TARNAME "libmodbus"
| #define PACKAGE_VERSION "3.1.4"
| #define PACKAGE_STRING "libmodbus 3.1.4"
| #define PACKAGE_BUGREPORT "https://github.com/stephane/libmodbus/issues"
| #define PACKAGE_URL "http://libmodbus.org/"
| #define PACKAGE "libmodbus"
| #define VERSION "3.1.4"
| #define STDC_HEADERS 1
| #define HAVE_SYS_TYPES_H 1
| #define HAVE_SYS_STAT_H 1
| #define HAVE_STDLIB_H 1
| #define HAVE_STRING_H 1
| #define HAVE_MEMORY_H 1
| #define HAVE_STRINGS_H 1
| #define HAVE_INTTYPES_H 1
| #define HAVE_STDINT_H 1
| #define HAVE_UNISTD_H 1
| #define __EXTENSIONS__ 1
| #define _ALL_SOURCE 1
| #define _GNU_SOURCE 1
| #define _POSIX_PTHREAD_SEMANTICS 1
| #define _TANDEM_SOURCE 1
| #define _FILE_OFFSET_BITS 64
| #define HAVE_DLFCN_H 1
| #define LT_OBJDIR ".libs/"
| #define HAVE_ARPA_INET_H 1
| #define HAVE_BYTESWAP_H 1
| #define HAVE_ERRNO_H 1
| #define HAVE_FCNTL_H 1
| #define HAVE_LIMITS_H 1
| #define HAVE_LINUX_SERIAL_H 1
| #define HAVE_NETDB_H 1
| #define HAVE_NETINET_IN_H 1
| #define HAVE_NETINET_TCP_H 1
| #define HAVE_SYS_IOCTL_H 1
| #define HAVE_SYS_SOCKET_H 1
| #define HAVE_SYS_TIME_H 1
| #define HAVE_SYS_TYPES_H 1
| #define HAVE_TERMIOS_H 1
| #define HAVE_TIME_H 1
| #define HAVE_UNISTD_H 1
| #define HAVE_DECL___CYGWIN__ 0
| /* end confdefs.h.  */
| #include <stdio.h>
| #ifdef HAVE_SYS_TYPES_H
| # include <sys/types.h>
| #endif
| #ifdef HAVE_SYS_STAT_H
| # include <sys/stat.h>
| #endif
| #ifdef STDC_HEADERS
| # include <stdlib.h>
| # include <stddef.h>
| #else
| # ifdef HAVE_STDLIB_H
| #  include <stdlib.h>
| # endif
| #endif
| #ifdef HAVE_STRING_H
| # if !defined STDC_HEADERS && defined HAVE_MEMORY_H
| #  include <memory.h>
| # endif
| # include <string.h>
| #endif
| #ifdef HAVE_STRINGS_H
| # include <strings.h>
| #endif
| #ifdef HAVE_INTTYPES_H
| # include <inttypes.h>
| #endif
| #ifdef HAVE_STDINT_H
| # include <stdint.h>
| #endif
| #ifdef HAVE_UNISTD_H
| # include <unistd.h>
| #endif
| #include <vfork.h>
configure:13033: result: no
configure:13033: checking vfork.h presence
configure:13033: gcc -std=gnu99 -E  conftest.c
conftest.c:46:19: fatal error: vfork.h: No such file or directory
 #include <vfork.h>
                   ^
compilation terminated.
configure:13033: $? = 1
configure: failed program was:
| /* confdefs.h */
| #define PACKAGE_NAME "libmodbus"
| #define PACKAGE_TARNAME "libmodbus"
| #define PACKAGE_VERSION "3.1.4"
| #define PACKAGE_STRING "libmodbus 3.1.4"
| #define PACKAGE_BUGREPORT "https://github.com/stephane/libmodbus/issues"
| #define PACKAGE_URL "http://libmodbus.org/"
| #define PACKAGE "libmodbus"
| #define VERSION "3.1.4"
| #define STDC_HEADERS 1
| #define HAVE_SYS_TYPES_H 1
| #define HAVE_SYS_STAT_H 1
| #define HAVE_STDLIB_H 1
| #define HAVE_STRING_H 1
| #define HAVE_MEMORY_H 1
| #define HAVE_STRINGS_H 1
| #define HAVE_INTTYPES_H 1
| #define HAVE_STDINT_H 1
| #define HAVE_UNISTD_H 1
| #define __EXTENSIONS__ 1
| #define _ALL_SOURCE 1
| #define _GNU_SOURCE 1
| #define _POSIX_PTHREAD_SEMANTICS 1
| #define _TANDEM_SOURCE 1
| #define _FILE_OFFSET_BITS 64
| #define HAVE_DLFCN_H 1
| #define LT_OBJDIR ".libs/"
| #define HAVE_ARPA_INET_H 1
| #define HAVE_BYTESWAP_H 1
| #define HAVE_ERRNO_H 1
| #define HAVE_FCNTL_H 1
| #define HAVE_LIMITS_H 1
| #define HAVE_LINUX_SERIAL_H 1
| #define HAVE_NETDB_H 1
| #define HAVE_NETINET_IN_H 1
| #define HAVE_NETINET_TCP_H 1
| #define HAVE_SYS_IOCTL_H 1
| #define HAVE_SYS_SOCKET_H 1
| #define HAVE_SYS_TIME_H 1
| #define HAVE_SYS_TYPES_H 1
| #define HAVE_TERMIOS_H 1
| #define HAVE_TIME_H 1
| #define HAVE_UNISTD_H 1
| #define HAVE_DECL___CYGWIN__ 0
| /* end confdefs.h.  */
| #include <vfork.h>
configure:13033: result: no
configure:13033: checking for vfork.h
configure:13033: result: no
configure:13046: checking for fork
configure:13046: gcc -std=gnu99 -o conftest -g -O2   conftest.c  >&5
conftest.c:69:6: warning: conflicting types for built-in function 'fork' [enabled by default]
 char fork ();
      ^
configure:13046: $? = 0
configure:13046: result: yes
configure:13046: checking for vfork
configure:13046: gcc -std=gnu99 -o conftest -g -O2   conftest.c  >&5
configure:13046: $? = 0
configure:13046: result: yes
configure:13056: checking for working fork
configure:13078: gcc -std=gnu99 -o conftest -g -O2   conftest.c  >&5
configure:13078: $? = 0
configure:13078: ./conftest
configure:13078: $? = 0
configure:13088: result: yes
configure:13109: checking for working vfork
configure:13219: result: yes
configure:13246: checking for stdlib.h
configure:13246: result: yes
configure:13256: checking for GNU libc compatible malloc
configure:13280: gcc -std=gnu99 -o conftest -g -O2   conftest.c  >&5
configure:13280: $? = 0
configure:13280: ./conftest
configure:13280: $? = 0
configure:13290: result: yes
configure:13314: checking for accept4
configure:13314: gcc -std=gnu99 -o conftest -g -O2   conftest.c  >&5
configure:13314: $? = 0
configure:13314: result: yes
configure:13314: checking for getaddrinfo
configure:13314: gcc -std=gnu99 -o conftest -g -O2   conftest.c  >&5
configure:13314: $? = 0
configure:13314: result: yes
configure:13314: checking for gettimeofday
configure:13314: gcc -std=gnu99 -o conftest -g -O2   conftest.c  >&5
configure:13314: $? = 0
configure:13314: result: yes
configure:13314: checking for inet_ntoa
configure:13314: gcc -std=gnu99 -o conftest -g -O2   conftest.c  >&5
configure:13314: $? = 0
configure:13314: result: yes
configure:13314: checking for memset
configure:13314: gcc -std=gnu99 -o conftest -g -O2   conftest.c  >&5
conftest.c:79:6: warning: conflicting types for built-in function 'memset' [enabled by default]
 char memset ();
      ^
configure:13314: $? = 0
configure:13314: result: yes
configure:13314: checking for select
configure:13314: gcc -std=gnu99 -o conftest -g -O2   conftest.c  >&5
configure:13314: $? = 0
configure:13314: result: yes
configure:13314: checking for socket
configure:13314: gcc -std=gnu99 -o conftest -g -O2   conftest.c  >&5
configure:13314: $? = 0
configure:13314: result: yes
configure:13314: checking for strerror
configure:13314: gcc -std=gnu99 -o conftest -g -O2   conftest.c  >&5
configure:13314: $? = 0
configure:13314: result: yes
configure:13314: checking for strlcpy
configure:13314: gcc -std=gnu99 -o conftest -g -O2   conftest.c  >&5
/tmp/cceBLmU2.o: In function `main':
/home/admin/work/dep/ore/libmodbus/conftest.c:94: undefined reference to `strlcpy'
collect2: error: ld returned 1 exit status
configure:13314: $? = 1
configure: failed program was:
| /* confdefs.h */
| #define PACKAGE_NAME "libmodbus"
| #define PACKAGE_TARNAME "libmodbus"
| #define PACKAGE_VERSION "3.1.4"
| #define PACKAGE_STRING "libmodbus 3.1.4"
| #define PACKAGE_BUGREPORT "https://github.com/stephane/libmodbus/issues"
| #define PACKAGE_URL "http://libmodbus.org/"
| #define PACKAGE "libmodbus"
| #define VERSION "3.1.4"
| #define STDC_HEADERS 1
| #define HAVE_SYS_TYPES_H 1
| #define HAVE_SYS_STAT_H 1
| #define HAVE_STDLIB_H 1
| #define HAVE_STRING_H 1
| #define HAVE_MEMORY_H 1
| #define HAVE_STRINGS_H 1
| #define HAVE_INTTYPES_H 1
| #define HAVE_STDINT_H 1
| #define HAVE_UNISTD_H 1
| #define __EXTENSIONS__ 1
| #define _ALL_SOURCE 1
| #define _GNU_SOURCE 1
| #define _POSIX_PTHREAD_SEMANTICS 1
| #define _TANDEM_SOURCE 1
| #define _FILE_OFFSET_BITS 64
| #define HAVE_DLFCN_H 1
| #define LT_OBJDIR ".libs/"
| #define HAVE_ARPA_INET_H 1
| #define HAVE_BYTESWAP_H 1
| #define HAVE_ERRNO_H 1
| #define HAVE_FCNTL_H 1
| #define HAVE_LIMITS_H 1
| #define HAVE_LINUX_SERIAL_H 1
| #define HAVE_NETDB_H 1
| #define HAVE_NETINET_IN_H 1
| #define HAVE_NETINET_TCP_H 1
| #define HAVE_SYS_IOCTL_H 1
| #define HAVE_SYS_SOCKET_H 1
| #define HAVE_SYS_TIME_H 1
| #define HAVE_SYS_TYPES_H 1
| #define HAVE_TERMIOS_H 1
| #define HAVE_TIME_H 1
| #define HAVE_UNISTD_H 1
| #define HAVE_DECL___CYGWIN__ 0
| #define HAVE_FORK 1
| #define HAVE_VFORK 1
| #define HAVE_WORKING_VFORK 1
| #define HAVE_WORKING_FORK 1
| #define HAVE_STDLIB_H 1
| #define HAVE_MALLOC 1
| #define HAVE_ACCEPT4 1
| #define HAVE_GETADDRINFO 1
| #define HAVE_GETTIMEOFDAY 1
| #define HAVE_INET_NTOA 1
| #define HAVE_MEMSET 1
| #define HAVE_SELECT 1
| #define HAVE_SOCKET 1
| #define HAVE_STRERROR 1
| /* end confdefs.h.  */
| /* Define strlcpy to an innocuous variant, in case <limits.h> declares strlcpy.
|    For example, HP-UX 11i <limits.h> declares gettimeofday.  */
| #define strlcpy innocuous_strlcpy
| 
| /* System header to define __stub macros and hopefully few prototypes,
|     which can conflict with char strlcpy (); below.
|     Prefer <limits.h> to <assert.h> if __STDC__ is defined, since
|     <limits.h> exists even on freestanding compilers.  */
| 
| #ifdef __STDC__
| # include <limits.h>
| #else
| # include <assert.h>
| #endif
| 
| #undef strlcpy
| 
| /* Override any GCC internal prototype to avoid an error.
|    Use char because int might match the return type of a GCC
|    builtin and then its argument prototype would still apply.  */
| #ifdef __cplusplus
| extern "C"
| #endif
| char strlcpy ();
| /* The GNU C library defines this for functions which it implements
|     to always fail with ENOSYS.  Some functions are actually named
|     something starting with __ and the normal name is an alias.  */
| #if defined __stub_strlcpy || defined __stub___strlcpy
| choke me
| #endif
| 
| int
| main ()
| {
| return strlcpy ();
|   ;
|   return 0;
| }
configure:13314: result: no
configure:13330: checking for inline
configure:13346: gcc -std=gnu99 -c -g -O2  conftest.c >&5
configure:13346: $? = 0
configure:13354: result: inline
configure:13432: checking for g++
configure:13462: result: no
configure:13432: checking for c++
configure:13462: result: no
configure:13432: checking for gpp
configure:13462: result: no
configure:13432: checking for aCC
configure:13462: result: no
configure:13432: checking for CC
configure:13462: result: no
configure:13432: checking for cxx
configure:13462: result: no
configure:13432: checking for cc++
configure:13462: result: no
configure:13432: checking for cl.exe
configure:13462: result: no
configure:13432: checking for FCC
configure:13462: result: no
configure:13432: checking for KCC
configure:13462: result: no
configure:13432: checking for RCC
configure:13462: result: no
configure:13432: checking for xlC_r
configure:13462: result: no
configure:13432: checking for xlC
configure:13462: result: no
configure:13486: checking for C++ compiler version
configure:13495: g++ --version >&5
./configure: line 13497: g++: command not found
configure:13506: $? = 127
configure:13495: g++ -v >&5
./configure: line 13497: g++: command not found
configure:13506: $? = 127
configure:13495: g++ -V >&5
./configure: line 13497: g++: command not found
configure:13506: $? = 127
configure:13495: g++ -qversion >&5
./configure: line 13497: g++: command not found
configure:13506: $? = 127
configure:13510: checking whether we are using the GNU C++ compiler
configure:13529: g++ -c   conftest.cpp >&5
./configure: line 2007: g++: command not found
configure:13529: $? = 127
configure: failed program was:
| /* confdefs.h */
| #define PACKAGE_NAME "libmodbus"
| #define PACKAGE_TARNAME "libmodbus"
| #define PACKAGE_VERSION "3.1.4"
| #define PACKAGE_STRING "libmodbus 3.1.4"
| #define PACKAGE_BUGREPORT "https://github.com/stephane/libmodbus/issues"
| #define PACKAGE_URL "http://libmodbus.org/"
| #define PACKAGE "libmodbus"
| #define VERSION "3.1.4"
| #define STDC_HEADERS 1
| #define HAVE_SYS_TYPES_H 1
| #define HAVE_SYS_STAT_H 1
| #define HAVE_STDLIB_H 1
| #define HAVE_STRING_H 1
| #define HAVE_MEMORY_H 1
| #define HAVE_STRINGS_H 1
| #define HAVE_INTTYPES_H 1
| #define HAVE_STDINT_H 1
| #define HAVE_UNISTD_H 1
| #define __EXTENSIONS__ 1
| #define _ALL_SOURCE 1
| #define _GNU_SOURCE 1
| #define _POSIX_PTHREAD_SEMANTICS 1
| #define _TANDEM_SOURCE 1
| #define _FILE_OFFSET_BITS 64
| #define HAVE_DLFCN_H 1
| #define LT_OBJDIR ".libs/"
| #define HAVE_ARPA_INET_H 1
| #define HAVE_BYTESWAP_H 1
| #define HAVE_ERRNO_H 1
| #define HAVE_FCNTL_H 1
| #define HAVE_LIMITS_H 1
| #define HAVE_LINUX_SERIAL_H 1
| #define HAVE_NETDB_H 1
| #define HAVE_NETINET_IN_H 1
| #define HAVE_NETINET_TCP_H 1
| #define HAVE_SYS_IOCTL_H 1
| #define HAVE_SYS_SOCKET_H 1
| #define HAVE_SYS_TIME_H 1
| #define HAVE_SYS_TYPES_H 1
| #define HAVE_TERMIOS_H 1
| #define HAVE_TIME_H 1
| #define HAVE_UNISTD_H 1
| #define HAVE_DECL___CYGWIN__ 0
| #define HAVE_FORK 1
| #define HAVE_VFORK 1
| #define HAVE_WORKING_VFORK 1
| #define HAVE_WORKING_FORK 1
| #define HAVE_STDLIB_H 1
| #define HAVE_MALLOC 1
| #define HAVE_ACCEPT4 1
| #define HAVE_GETADDRINFO 1
| #define HAVE_GETTIMEOFDAY 1
| #define HAVE_INET_NTOA 1
| #define HAVE_MEMSET 1
| #define HAVE_SELECT 1
| #define HAVE_SOCKET 1
| #define HAVE_STRERROR 1
| #define WINVER 0x0501
| /* end confdefs.h.  */
| 
| int
| main ()
| {
| #ifndef __GNUC__
|        choke me
| #endif
| 
|   ;
|   return 0;
| }
configure:13538: result: no
configure:13547: checking whether g++ accepts -g
configure:13567: g++ -c -g  conftest.cpp >&5
./configure: line 2007: g++: command not found
configure:13567: $? = 127
configure: failed program was:
| /* confdefs.h */
| #define PACKAGE_NAME "libmodbus"
| #define PACKAGE_TARNAME "libmodbus"
| #define PACKAGE_VERSION "3.1.4"
| #define PACKAGE_STRING "libmodbus 3.1.4"
| #define PACKAGE_BUGREPORT "https://github.com/stephane/libmodbus/issues"
| #define PACKAGE_URL "http://libmodbus.org/"
| #define PACKAGE "libmodbus"
| #define VERSION "3.1.4"
| #define STDC_HEADERS 1
| #define HAVE_SYS_TYPES_H 1
| #define HAVE_SYS_STAT_H 1
| #define HAVE_STDLIB_H 1
| #define HAVE_STRING_H 1
| #define HAVE_MEMORY_H 1
| #define HAVE_STRINGS_H 1
| #define HAVE_INTTYPES_H 1
| #define HAVE_STDINT_H 1
| #define HAVE_UNISTD_H 1
| #define __EXTENSIONS__ 1
| #define _ALL_SOURCE 1
| #define _GNU_SOURCE 1
| #define _POSIX_PTHREAD_SEMANTICS 1
| #define _TANDEM_SOURCE 1
| #define _FILE_OFFSET_BITS 64
| #define HAVE_DLFCN_H 1
| #define LT_OBJDIR ".libs/"
| #define HAVE_ARPA_INET_H 1
| #define HAVE_BYTESWAP_H 1
| #define HAVE_ERRNO_H 1
| #define HAVE_FCNTL_H 1
| #define HAVE_LIMITS_H 1
| #define HAVE_LINUX_SERIAL_H 1
| #define HAVE_NETDB_H 1
| #define HAVE_NETINET_IN_H 1
| #define HAVE_NETINET_TCP_H 1
| #define HAVE_SYS_IOCTL_H 1
| #define HAVE_SYS_SOCKET_H 1
| #define HAVE_SYS_TIME_H 1
| #define HAVE_SYS_TYPES_H 1
| #define HAVE_TERMIOS_H 1
| #define HAVE_TIME_H 1
| #define HAVE_UNISTD_H 1
| #define HAVE_DECL___CYGWIN__ 0
| #define HAVE_FORK 1
| #define HAVE_VFORK 1
| #define HAVE_WORKING_VFORK 1
| #define HAVE_WORKING_FORK 1
| #define HAVE_STDLIB_H 1
| #define HAVE_MALLOC 1
| #define HAVE_ACCEPT4 1
| #define HAVE_GETADDRINFO 1
| #define HAVE_GETTIMEOFDAY 1
| #define HAVE_INET_NTOA 1
| #define HAVE_MEMSET 1
| #define HAVE_SELECT 1
| #define HAVE_SOCKET 1
| #define HAVE_STRERROR 1
| #define WINVER 0x0501
| /* end confdefs.h.  */
| 
| int
| main ()
| {
| 
|   ;
|   return 0;
| }
configure:13582: g++ -c   conftest.cpp >&5
./configure: line 2007: g++: command not found
configure:13582: $? = 127
configure: failed program was:
| /* confdefs.h */
| #define PACKAGE_NAME "libmodbus"
| #define PACKAGE_TARNAME "libmodbus"
| #define PACKAGE_VERSION "3.1.4"
| #define PACKAGE_STRING "libmodbus 3.1.4"
| #define PACKAGE_BUGREPORT "https://github.com/stephane/libmodbus/issues"
| #define PACKAGE_URL "http://libmodbus.org/"
| #define PACKAGE "libmodbus"
| #define VERSION "3.1.4"
| #define STDC_HEADERS 1
| #define HAVE_SYS_TYPES_H 1
| #define HAVE_SYS_STAT_H 1
| #define HAVE_STDLIB_H 1
| #define HAVE_STRING_H 1
| #define HAVE_MEMORY_H 1
| #define HAVE_STRINGS_H 1
| #define HAVE_INTTYPES_H 1
| #define HAVE_STDINT_H 1
| #define HAVE_UNISTD_H 1
| #define __EXTENSIONS__ 1
| #define _ALL_SOURCE 1
| #define _GNU_SOURCE 1
| #define _POSIX_PTHREAD_SEMANTICS 1
| #define _TANDEM_SOURCE 1
| #define _FILE_OFFSET_BITS 64
| #define HAVE_DLFCN_H 1
| #define LT_OBJDIR ".libs/"
| #define HAVE_ARPA_INET_H 1
| #define HAVE_BYTESWAP_H 1
| #define HAVE_ERRNO_H 1
| #define HAVE_FCNTL_H 1
| #define HAVE_LIMITS_H 1
| #define HAVE_LINUX_SERIAL_H 1
| #define HAVE_NETDB_H 1
| #define HAVE_NETINET_IN_H 1
| #define HAVE_NETINET_TCP_H 1
| #define HAVE_SYS_IOCTL_H 1
| #define HAVE_SYS_SOCKET_H 1
| #define HAVE_SYS_TIME_H 1
| #define HAVE_SYS_TYPES_H 1
| #define HAVE_TERMIOS_H 1
| #define HAVE_TIME_H 1
| #define HAVE_UNISTD_H 1
| #define HAVE_DECL___CYGWIN__ 0
| #define HAVE_FORK 1
| #define HAVE_VFORK 1
| #define HAVE_WORKING_VFORK 1
| #define HAVE_WORKING_FORK 1
| #define HAVE_STDLIB_H 1
| #define HAVE_MALLOC 1
| #define HAVE_ACCEPT4 1
| #define HAVE_GETADDRINFO 1
| #define HAVE_GETTIMEOFDAY 1
| #define HAVE_INET_NTOA 1
| #define HAVE_MEMSET 1
| #define HAVE_SELECT 1
| #define HAVE_SOCKET 1
| #define HAVE_STRERROR 1
| #define WINVER 0x0501
| /* end confdefs.h.  */
| 
| int
| main ()
| {
| 
|   ;
|   return 0;
| }
configure:13598: g++ -c -g  conftest.cpp >&5
./configure: line 2007: g++: command not found
configure:13598: $? = 127
configure: failed program was:
| /* confdefs.h */
| #define PACKAGE_NAME "libmodbus"
| #define PACKAGE_TARNAME "libmodbus"
| #define PACKAGE_VERSION "3.1.4"
| #define PACKAGE_STRING "libmodbus 3.1.4"
| #define PACKAGE_BUGREPORT "https://github.com/stephane/libmodbus/issues"
| #define PACKAGE_URL "http://libmodbus.org/"
| #define PACKAGE "libmodbus"
| #define VERSION "3.1.4"
| #define STDC_HEADERS 1
| #define HAVE_SYS_TYPES_H 1
| #define HAVE_SYS_STAT_H 1
| #define HAVE_STDLIB_H 1
| #define HAVE_STRING_H 1
| #define HAVE_MEMORY_H 1
| #define HAVE_STRINGS_H 1
| #define HAVE_INTTYPES_H 1
| #define HAVE_STDINT_H 1
| #define HAVE_UNISTD_H 1
| #define __EXTENSIONS__ 1
| #define _ALL_SOURCE 1
| #define _GNU_SOURCE 1
| #define _POSIX_PTHREAD_SEMANTICS 1
| #define _TANDEM_SOURCE 1
| #define _FILE_OFFSET_BITS 64
| #define HAVE_DLFCN_H 1
| #define LT_OBJDIR ".libs/"
| #define HAVE_ARPA_INET_H 1
| #define HAVE_BYTESWAP_H 1
| #define HAVE_ERRNO_H 1
| #define HAVE_FCNTL_H 1
| #define HAVE_LIMITS_H 1
| #define HAVE_LINUX_SERIAL_H 1
| #define HAVE_NETDB_H 1
| #define HAVE_NETINET_IN_H 1
| #define HAVE_NETINET_TCP_H 1
| #define HAVE_SYS_IOCTL_H 1
| #define HAVE_SYS_SOCKET_H 1
| #define HAVE_SYS_TIME_H 1
| #define HAVE_SYS_TYPES_H 1
| #define HAVE_TERMIOS_H 1
| #define HAVE_TIME_H 1
| #define HAVE_UNISTD_H 1
| #define HAVE_DECL___CYGWIN__ 0
| #define HAVE_FORK 1
| #define HAVE_VFORK 1
| #define HAVE_WORKING_VFORK 1
| #define HAVE_WORKING_FORK 1
| #define HAVE_STDLIB_H 1
| #define HAVE_MALLOC 1
| #define HAVE_ACCEPT4 1
| #define HAVE_GETADDRINFO 1
| #define HAVE_GETTIMEOFDAY 1
| #define HAVE_INET_NTOA 1
| #define HAVE_MEMSET 1
| #define HAVE_SELECT 1
| #define HAVE_SOCKET 1
| #define HAVE_STRERROR 1
| #define WINVER 0x0501
| /* end confdefs.h.  */
| 
| int
| main ()
| {
| 
|   ;
|   return 0;
| }
configure:13608: result: no
configure:13633: checking dependency style of g++
configure:13744: result: none
configure:16961: checking for int64_t
configure:16961: gcc -std=gnu99 -c -g -O2  conftest.c >&5
configure:16961: $? = 0
configure:16961: gcc -std=gnu99 -c -g -O2  conftest.c >&5
conftest.c: In function 'main':
conftest.c:99:53: warning: integer overflow in expression [-Woverflow]
    < (int64_t) (((((int64_t) 1 << N) << N) - 1) * 2 + 2))];
                                                     ^
conftest.c:98:12: error: storage size of 'test_array' isn't constant
 static int test_array [1 - 2 * !((int64_t) (((((int64_t) 1 << N) << N) - 1) * 2 + 1)
            ^
configure:16961: $? = 1
configure: failed program was:
| /* confdefs.h */
| #define PACKAGE_NAME "libmodbus"
| #define PACKAGE_TARNAME "libmodbus"
| #define PACKAGE_VERSION "3.1.4"
| #define PACKAGE_STRING "libmodbus 3.1.4"
| #define PACKAGE_BUGREPORT "https://github.com/stephane/libmodbus/issues"
| #define PACKAGE_URL "http://libmodbus.org/"
| #define PACKAGE "libmodbus"
| #define VERSION "3.1.4"
| #define STDC_HEADERS 1
| #define HAVE_SYS_TYPES_H 1
| #define HAVE_SYS_STAT_H 1
| #define HAVE_STDLIB_H 1
| #define HAVE_STRING_H 1
| #define HAVE_MEMORY_H 1
| #define HAVE_STRINGS_H 1
| #define HAVE_INTTYPES_H 1
| #define HAVE_STDINT_H 1
| #define HAVE_UNISTD_H 1
| #define __EXTENSIONS__ 1
| #define _ALL_SOURCE 1
| #define _GNU_SOURCE 1
| #define _POSIX_PTHREAD_SEMANTICS 1
| #define _TANDEM_SOURCE 1
| #define _FILE_OFFSET_BITS 64
| #define HAVE_DLFCN_H 1
| #define LT_OBJDIR ".libs/"
| #define HAVE_ARPA_INET_H 1
| #define HAVE_BYTESWAP_H 1
| #define HAVE_ERRNO_H 1
| #define HAVE_FCNTL_H 1
| #define HAVE_LIMITS_H 1
| #define HAVE_LINUX_SERIAL_H 1
| #define HAVE_NETDB_H 1
| #define HAVE_NETINET_IN_H 1
| #define HAVE_NETINET_TCP_H 1
| #define HAVE_SYS_IOCTL_H 1
| #define HAVE_SYS_SOCKET_H 1
| #define HAVE_SYS_TIME_H 1
| #define HAVE_SYS_TYPES_H 1
| #define HAVE_TERMIOS_H 1
| #define HAVE_TIME_H 1
| #define HAVE_UNISTD_H 1
| #define HAVE_DECL___CYGWIN__ 0
| #define HAVE_FORK 1
| #define HAVE_VFORK 1
| #define HAVE_WORKING_VFORK 1
| #define HAVE_WORKING_FORK 1
| #define HAVE_STDLIB_H 1
| #define HAVE_MALLOC 1
| #define HAVE_ACCEPT4 1
| #define HAVE_GETADDRINFO 1
| #define HAVE_GETTIMEOFDAY 1
| #define HAVE_INET_NTOA 1
| #define HAVE_MEMSET 1
| #define HAVE_SELECT 1
| #define HAVE_SOCKET 1
| #define HAVE_STRERROR 1
| #define WINVER 0x0501
| /* end confdefs.h.  */
| #include <stdio.h>
| #ifdef HAVE_SYS_TYPES_H
| # include <sys/types.h>
| #endif
| #ifdef HAVE_SYS_STAT_H
| # include <sys/stat.h>
| #endif
| #ifdef STDC_HEADERS
| # include <stdlib.h>
| # include <stddef.h>
| #else
| # ifdef HAVE_STDLIB_H
| #  include <stdlib.h>
| # endif
| #endif
| #ifdef HAVE_STRING_H
| # if !defined STDC_HEADERS && defined HAVE_MEMORY_H
| #  include <memory.h>
| # endif
| # include <string.h>
| #endif
| #ifdef HAVE_STRINGS_H
| # include <strings.h>
| #endif
| #ifdef HAVE_INTTYPES_H
| # include <inttypes.h>
| #endif
| #ifdef HAVE_STDINT_H
| # include <stdint.h>
| #endif
| #ifdef HAVE_UNISTD_H
| # include <unistd.h>
| #endif
| 	        enum { N = 64 / 2 - 1 };
| int
| main ()
| {
| static int test_array [1 - 2 * !((int64_t) (((((int64_t) 1 << N) << N) - 1) * 2 + 1)
| 		 < (int64_t) (((((int64_t) 1 << N) << N) - 1) * 2 + 2))];
| test_array [0] = 0;
| return test_array [0];
| 
|   ;
|   return 0;
| }
configure:16961: result: yes
configure:16972: checking for size_t
configure:16972: gcc -std=gnu99 -c -g -O2  conftest.c >&5
configure:16972: $? = 0
configure:16972: gcc -std=gnu99 -c -g -O2  conftest.c >&5
conftest.c: In function 'main':
conftest.c:97:21: error: expected expression before ')' token
 if (sizeof ((size_t)))
                     ^
configure:16972: $? = 1
configure: failed program was:
| /* confdefs.h */
| #define PACKAGE_NAME "libmodbus"
| #define PACKAGE_TARNAME "libmodbus"
| #define PACKAGE_VERSION "3.1.4"
| #define PACKAGE_STRING "libmodbus 3.1.4"
| #define PACKAGE_BUGREPORT "https://github.com/stephane/libmodbus/issues"
| #define PACKAGE_URL "http://libmodbus.org/"
| #define PACKAGE "libmodbus"
| #define VERSION "3.1.4"
| #define STDC_HEADERS 1
| #define HAVE_SYS_TYPES_H 1
| #define HAVE_SYS_STAT_H 1
| #define HAVE_STDLIB_H 1
| #define HAVE_STRING_H 1
| #define HAVE_MEMORY_H 1
| #define HAVE_STRINGS_H 1
| #define HAVE_INTTYPES_H 1
| #define HAVE_STDINT_H 1
| #define HAVE_UNISTD_H 1
| #define __EXTENSIONS__ 1
| #define _ALL_SOURCE 1
| #define _GNU_SOURCE 1
| #define _POSIX_PTHREAD_SEMANTICS 1
| #define _TANDEM_SOURCE 1
| #define _FILE_OFFSET_BITS 64
| #define HAVE_DLFCN_H 1
| #define LT_OBJDIR ".libs/"
| #define HAVE_ARPA_INET_H 1
| #define HAVE_BYTESWAP_H 1
| #define HAVE_ERRNO_H 1
| #define HAVE_FCNTL_H 1
| #define HAVE_LIMITS_H 1
| #define HAVE_LINUX_SERIAL_H 1
| #define HAVE_NETDB_H 1
| #define HAVE_NETINET_IN_H 1
| #define HAVE_NETINET_TCP_H 1
| #define HAVE_SYS_IOCTL_H 1
| #define HAVE_SYS_SOCKET_H 1
| #define HAVE_SYS_TIME_H 1
| #define HAVE_SYS_TYPES_H 1
| #define HAVE_TERMIOS_H 1
| #define HAVE_TIME_H 1
| #define HAVE_UNISTD_H 1
| #define HAVE_DECL___CYGWIN__ 0
| #define HAVE_FORK 1
| #define HAVE_VFORK 1
| #define HAVE_WORKING_VFORK 1
| #define HAVE_WORKING_FORK 1
| #define HAVE_STDLIB_H 1
| #define HAVE_MALLOC 1
| #define HAVE_ACCEPT4 1
| #define HAVE_GETADDRINFO 1
| #define HAVE_GETTIMEOFDAY 1
| #define HAVE_INET_NTOA 1
| #define HAVE_MEMSET 1
| #define HAVE_SELECT 1
| #define HAVE_SOCKET 1
| #define HAVE_STRERROR 1
| #define WINVER 0x0501
| /* end confdefs.h.  */
| #include <stdio.h>
| #ifdef HAVE_SYS_TYPES_H
| # include <sys/types.h>
| #endif
| #ifdef HAVE_SYS_STAT_H
| # include <sys/stat.h>
| #endif
| #ifdef STDC_HEADERS
| # include <stdlib.h>
| # include <stddef.h>
| #else
| # ifdef HAVE_STDLIB_H
| #  include <stdlib.h>
| # endif
| #endif
| #ifdef HAVE_STRING_H
| # if !defined STDC_HEADERS && defined HAVE_MEMORY_H
| #  include <memory.h>
| # endif
| # include <string.h>
| #endif
| #ifdef HAVE_STRINGS_H
| # include <strings.h>
| #endif
| #ifdef HAVE_INTTYPES_H
| # include <inttypes.h>
| #endif
| #ifdef HAVE_STDINT_H
| # include <stdint.h>
| #endif
| #ifdef HAVE_UNISTD_H
| # include <unistd.h>
| #endif
| int
| main ()
| {
| if (sizeof ((size_t)))
| 	    return 0;
|   ;
|   return 0;
| }
configure:16972: result: yes
configure:16983: checking for ssize_t
configure:16983: gcc -std=gnu99 -c -g -O2  conftest.c >&5
configure:16983: $? = 0
configure:16983: gcc -std=gnu99 -c -g -O2  conftest.c >&5
conftest.c: In function 'main':
conftest.c:97:22: error: expected expression before ')' token
 if (sizeof ((ssize_t)))
                      ^
configure:16983: $? = 1
configure: failed program was:
| /* confdefs.h */
| #define PACKAGE_NAME "libmodbus"
| #define PACKAGE_TARNAME "libmodbus"
| #define PACKAGE_VERSION "3.1.4"
| #define PACKAGE_STRING "libmodbus 3.1.4"
| #define PACKAGE_BUGREPORT "https://github.com/stephane/libmodbus/issues"
| #define PACKAGE_URL "http://libmodbus.org/"
| #define PACKAGE "libmodbus"
| #define VERSION "3.1.4"
| #define STDC_HEADERS 1
| #define HAVE_SYS_TYPES_H 1
| #define HAVE_SYS_STAT_H 1
| #define HAVE_STDLIB_H 1
| #define HAVE_STRING_H 1
| #define HAVE_MEMORY_H 1
| #define HAVE_STRINGS_H 1
| #define HAVE_INTTYPES_H 1
| #define HAVE_STDINT_H 1
| #define HAVE_UNISTD_H 1
| #define __EXTENSIONS__ 1
| #define _ALL_SOURCE 1
| #define _GNU_SOURCE 1
| #define _POSIX_PTHREAD_SEMANTICS 1
| #define _TANDEM_SOURCE 1
| #define _FILE_OFFSET_BITS 64
| #define HAVE_DLFCN_H 1
| #define LT_OBJDIR ".libs/"
| #define HAVE_ARPA_INET_H 1
| #define HAVE_BYTESWAP_H 1
| #define HAVE_ERRNO_H 1
| #define HAVE_FCNTL_H 1
| #define HAVE_LIMITS_H 1
| #define HAVE_LINUX_SERIAL_H 1
| #define HAVE_NETDB_H 1
| #define HAVE_NETINET_IN_H 1
| #define HAVE_NETINET_TCP_H 1
| #define HAVE_SYS_IOCTL_H 1
| #define HAVE_SYS_SOCKET_H 1
| #define HAVE_SYS_TIME_H 1
| #define HAVE_SYS_TYPES_H 1
| #define HAVE_TERMIOS_H 1
| #define HAVE_TIME_H 1
| #define HAVE_UNISTD_H 1
| #define HAVE_DECL___CYGWIN__ 0
| #define HAVE_FORK 1
| #define HAVE_VFORK 1
| #define HAVE_WORKING_VFORK 1
| #define HAVE_WORKING_FORK 1
| #define HAVE_STDLIB_H 1
| #define HAVE_MALLOC 1
| #define HAVE_ACCEPT4 1
| #define HAVE_GETADDRINFO 1
| #define HAVE_GETTIMEOFDAY 1
| #define HAVE_INET_NTOA 1
| #define HAVE_MEMSET 1
| #define HAVE_SELECT 1
| #define HAVE_SOCKET 1
| #define HAVE_STRERROR 1
| #define WINVER 0x0501
| /* end confdefs.h.  */
| #include <stdio.h>
| #ifdef HAVE_SYS_TYPES_H
| # include <sys/types.h>
| #endif
| #ifdef HAVE_SYS_STAT_H
| # include <sys/stat.h>
| #endif
| #ifdef STDC_HEADERS
| # include <stdlib.h>
| # include <stddef.h>
| #else
| # ifdef HAVE_STDLIB_H
| #  include <stdlib.h>
| # endif
| #endif
| #ifdef HAVE_STRING_H
| # if !defined STDC_HEADERS && defined HAVE_MEMORY_H
| #  include <memory.h>
| # endif
| # include <string.h>
| #endif
| #ifdef HAVE_STRINGS_H
| # include <strings.h>
| #endif
| #ifdef HAVE_INTTYPES_H
| # include <inttypes.h>
| #endif
| #ifdef HAVE_STDINT_H
| # include <stdint.h>
| #endif
| #ifdef HAVE_UNISTD_H
| # include <unistd.h>
| #endif
| int
| main ()
| {
| if (sizeof ((ssize_t)))
| 	    return 0;
|   ;
|   return 0;
| }
configure:16983: result: yes
configure:16994: checking for uint16_t
configure:16994: gcc -std=gnu99 -c -g -O2  conftest.c >&5
configure:16994: $? = 0
configure:16994: result: yes
configure:17006: checking for uint32_t
configure:17006: gcc -std=gnu99 -c -g -O2  conftest.c >&5
configure:17006: $? = 0
configure:17006: result: yes
configure:17020: checking for uint8_t
configure:17020: gcc -std=gnu99 -c -g -O2  conftest.c >&5
configure:17020: $? = 0
configure:17020: result: yes
configure:17039: checking winsock2.h usability
configure:17039: gcc -std=gnu99 -c -g -O2  conftest.c >&5
conftest.c:94:22: fatal error: winsock2.h: No such file or directory
 #include <winsock2.h>
                      ^
compilation terminated.
configure:17039: $? = 1
configure: failed program was:
| /* confdefs.h */
| #define PACKAGE_NAME "libmodbus"
| #define PACKAGE_TARNAME "libmodbus"
| #define PACKAGE_VERSION "3.1.4"
| #define PACKAGE_STRING "libmodbus 3.1.4"
| #define PACKAGE_BUGREPORT "https://github.com/stephane/libmodbus/issues"
| #define PACKAGE_URL "http://libmodbus.org/"
| #define PACKAGE "libmodbus"
| #define VERSION "3.1.4"
| #define STDC_HEADERS 1
| #define HAVE_SYS_TYPES_H 1
| #define HAVE_SYS_STAT_H 1
| #define HAVE_STDLIB_H 1
| #define HAVE_STRING_H 1
| #define HAVE_MEMORY_H 1
| #define HAVE_STRINGS_H 1
| #define HAVE_INTTYPES_H 1
| #define HAVE_STDINT_H 1
| #define HAVE_UNISTD_H 1
| #define __EXTENSIONS__ 1
| #define _ALL_SOURCE 1
| #define _GNU_SOURCE 1
| #define _POSIX_PTHREAD_SEMANTICS 1
| #define _TANDEM_SOURCE 1
| #define _FILE_OFFSET_BITS 64
| #define HAVE_DLFCN_H 1
| #define LT_OBJDIR ".libs/"
| #define HAVE_ARPA_INET_H 1
| #define HAVE_BYTESWAP_H 1
| #define HAVE_ERRNO_H 1
| #define HAVE_FCNTL_H 1
| #define HAVE_LIMITS_H 1
| #define HAVE_LINUX_SERIAL_H 1
| #define HAVE_NETDB_H 1
| #define HAVE_NETINET_IN_H 1
| #define HAVE_NETINET_TCP_H 1
| #define HAVE_SYS_IOCTL_H 1
| #define HAVE_SYS_SOCKET_H 1
| #define HAVE_SYS_TIME_H 1
| #define HAVE_SYS_TYPES_H 1
| #define HAVE_TERMIOS_H 1
| #define HAVE_TIME_H 1
| #define HAVE_UNISTD_H 1
| #define HAVE_DECL___CYGWIN__ 0
| #define HAVE_FORK 1
| #define HAVE_VFORK 1
| #define HAVE_WORKING_VFORK 1
| #define HAVE_WORKING_FORK 1
| #define HAVE_STDLIB_H 1
| #define HAVE_MALLOC 1
| #define HAVE_ACCEPT4 1
| #define HAVE_GETADDRINFO 1
| #define HAVE_GETTIMEOFDAY 1
| #define HAVE_INET_NTOA 1
| #define HAVE_MEMSET 1
| #define HAVE_SELECT 1
| #define HAVE_SOCKET 1
| #define HAVE_STRERROR 1
| #define WINVER 0x0501
| /* end confdefs.h.  */
| #include <stdio.h>
| #ifdef HAVE_SYS_TYPES_H
| # include <sys/types.h>
| #endif
| #ifdef HAVE_SYS_STAT_H
| # include <sys/stat.h>
| #endif
| #ifdef STDC_HEADERS
| # include <stdlib.h>
| # include <stddef.h>
| #else
| # ifdef HAVE_STDLIB_H
| #  include <stdlib.h>
| # endif
| #endif
| #ifdef HAVE_STRING_H
| # if !defined STDC_HEADERS && defined HAVE_MEMORY_H
| #  include <memory.h>
| # endif
| # include <string.h>
| #endif
| #ifdef HAVE_STRINGS_H
| # include <strings.h>
| #endif
| #ifdef HAVE_INTTYPES_H
| # include <inttypes.h>
| #endif
| #ifdef HAVE_STDINT_H
| # include <stdint.h>
| #endif
| #ifdef HAVE_UNISTD_H
| # include <unistd.h>
| #endif
| #include <winsock2.h>
configure:17039: result: no
configure:17039: checking winsock2.h presence
configure:17039: gcc -std=gnu99 -E  conftest.c
conftest.c:61:22: fatal error: winsock2.h: No such file or directory
 #include <winsock2.h>
                      ^
compilation terminated.
configure:17039: $? = 1
configure: failed program was:
| /* confdefs.h */
| #define PACKAGE_NAME "libmodbus"
| #define PACKAGE_TARNAME "libmodbus"
| #define PACKAGE_VERSION "3.1.4"
| #define PACKAGE_STRING "libmodbus 3.1.4"
| #define PACKAGE_BUGREPORT "https://github.com/stephane/libmodbus/issues"
| #define PACKAGE_URL "http://libmodbus.org/"
| #define PACKAGE "libmodbus"
| #define VERSION "3.1.4"
| #define STDC_HEADERS 1
| #define HAVE_SYS_TYPES_H 1
| #define HAVE_SYS_STAT_H 1
| #define HAVE_STDLIB_H 1
| #define HAVE_STRING_H 1
| #define HAVE_MEMORY_H 1
| #define HAVE_STRINGS_H 1
| #define HAVE_INTTYPES_H 1
| #define HAVE_STDINT_H 1
| #define HAVE_UNISTD_H 1
| #define __EXTENSIONS__ 1
| #define _ALL_SOURCE 1
| #define _GNU_SOURCE 1
| #define _POSIX_PTHREAD_SEMANTICS 1
| #define _TANDEM_SOURCE 1
| #define _FILE_OFFSET_BITS 64
| #define HAVE_DLFCN_H 1
| #define LT_OBJDIR ".libs/"
| #define HAVE_ARPA_INET_H 1
| #define HAVE_BYTESWAP_H 1
| #define HAVE_ERRNO_H 1
| #define HAVE_FCNTL_H 1
| #define HAVE_LIMITS_H 1
| #define HAVE_LINUX_SERIAL_H 1
| #define HAVE_NETDB_H 1
| #define HAVE_NETINET_IN_H 1
| #define HAVE_NETINET_TCP_H 1
| #define HAVE_SYS_IOCTL_H 1
| #define HAVE_SYS_SOCKET_H 1
| #define HAVE_SYS_TIME_H 1
| #define HAVE_SYS_TYPES_H 1
| #define HAVE_TERMIOS_H 1
| #define HAVE_TIME_H 1
| #define HAVE_UNISTD_H 1
| #define HAVE_DECL___CYGWIN__ 0
| #define HAVE_FORK 1
| #define HAVE_VFORK 1
| #define HAVE_WORKING_VFORK 1
| #define HAVE_WORKING_FORK 1
| #define HAVE_STDLIB_H 1
| #define HAVE_MALLOC 1
| #define HAVE_ACCEPT4 1
| #define HAVE_GETADDRINFO 1
| #define HAVE_GETTIMEOFDAY 1
| #define HAVE_INET_NTOA 1
| #define HAVE_MEMSET 1
| #define HAVE_SELECT 1
| #define HAVE_SOCKET 1
| #define HAVE_STRERROR 1
| #define WINVER 0x0501
| /* end confdefs.h.  */
| #include <winsock2.h>
configure:17039: result: no
configure:17039: checking for winsock2.h
configure:17039: result: no
configure:17056: checking whether TIOCSRS485 is declared
configure:17056: gcc -std=gnu99 -c -g -O2  conftest.c >&5
configure:17056: $? = 0
configure:17056: result: yes
configure:17069: checking whether TIOCM_RTS is declared
configure:17069: gcc -std=gnu99 -c -g -O2  conftest.c >&5
configure:17069: $? = 0
configure:17069: result: yes
configure:17222: checking that generated files are newer than configure
configure:17228: result: done
configure:17271: creating ./config.status

## ---------------------- ##
## Running config.status. ##
## ---------------------- ##

This file was extended by libmodbus config.status 3.1.4, which was
generated by GNU Autoconf 2.69.  Invocation command line was

  CONFIG_FILES    = 
  CONFIG_HEADERS  = 
  CONFIG_LINKS    = 
  CONFIG_COMMANDS = 
  $ ./config.status 

on robohome-pc

config.status:1210: creating Makefile
config.status:1210: creating src/Makefile
config.status:1210: creating src/modbus-version.h
config.status:1210: creating src/win32/modbus.dll.manifest
config.status:1210: creating tests/Makefile
config.status:1210: creating doc/Makefile
config.status:1210: creating libmodbus.pc
config.status:1210: creating config.h
config.status:1210: creating tests/unit-test.h
config.status:1439: executing depfiles commands
config.status:1439: executing libtool commands
configure:19788: result:
        libmodbus 3.1.4
        ===============

        prefix:                 /usr/local
        sysconfdir:             ${prefix}/etc
        libdir:                 ${exec_prefix}/lib
        includedir:             ${prefix}/include

        compiler:               gcc -std=gnu99
        cflags:                 -g -O2
        ldflags:                

        documentation:          no
        tests:                  yes


## ---------------- ##
## Cache variables. ##
## ---------------- ##

ac_cv_build=i686-pc-linux-gnu
ac_cv_c_compiler_gnu=yes
ac_cv_c_inline=inline
ac_cv_c_int64_t=yes
ac_cv_c_uint16_t=yes
ac_cv_c_uint32_t=yes
ac_cv_c_uint8_t=yes
ac_cv_cxx_compiler_gnu=no
ac_cv_env_CCC_set=
ac_cv_env_CCC_value=
ac_cv_env_CC_set=
ac_cv_env_CC_value=
ac_cv_env_CFLAGS_set=
ac_cv_env_CFLAGS_value=
ac_cv_env_CPPFLAGS_set=
ac_cv_env_CPPFLAGS_value=
ac_cv_env_CPP_set=
ac_cv_env_CPP_value=
ac_cv_env_CXXCPP_set=
ac_cv_env_CXXCPP_value=
ac_cv_env_CXXFLAGS_set=
ac_cv_env_CXXFLAGS_value=
ac_cv_env_CXX_set=
ac_cv_env_CXX_value=
ac_cv_env_LDFLAGS_set=
ac_cv_env_LDFLAGS_value=
ac_cv_env_LIBS_set=
ac_cv_env_LIBS_value=
ac_cv_env_build_alias_set=
ac_cv_env_build_alias_value=
ac_cv_env_host_alias_set=
ac_cv_env_host_alias_value=
ac_cv_env_target_alias_set=
ac_cv_env_target_alias_value=
ac_cv_func_accept4=yes
ac_cv_func_fork=yes
ac_cv_func_fork_works=yes
ac_cv_func_getaddrinfo=yes
ac_cv_func_gettimeofday=yes
ac_cv_func_inet_ntoa=yes
ac_cv_func_malloc_0_nonnull=yes
ac_cv_func_memset=yes
ac_cv_func_select=yes
ac_cv_func_socket=yes
ac_cv_func_strerror=yes
ac_cv_func_strlcpy=no
ac_cv_func_vfork=yes
ac_cv_func_vfork_works=yes
ac_cv_have_decl_TIOCM_RTS=yes
ac_cv_have_decl_TIOCSRS485=yes
ac_cv_have_decl___CYGWIN__=no
ac_cv_header_arpa_inet_h=yes
ac_cv_header_byteswap_h=yes
ac_cv_header_dlfcn_h=yes
ac_cv_header_errno_h=yes
ac_cv_header_fcntl_h=yes
ac_cv_header_inttypes_h=yes
ac_cv_header_limits_h=yes
ac_cv_header_linux_serial_h=yes
ac_cv_header_memory_h=yes
ac_cv_header_minix_config_h=no
ac_cv_header_netdb_h=yes
ac_cv_header_netinet_in_h=yes
ac_cv_header_netinet_tcp_h=yes
ac_cv_header_stdc=yes
ac_cv_header_stdint_h=yes
ac_cv_header_stdlib_h=yes
ac_cv_header_string_h=yes
ac_cv_header_strings_h=yes
ac_cv_header_sys_ioctl_h=yes
ac_cv_header_sys_params_h=no
ac_cv_header_sys_socket_h=yes
ac_cv_header_sys_stat_h=yes
ac_cv_header_sys_time_h=yes
ac_cv_header_sys_types_h=yes
ac_cv_header_termios_h=yes
ac_cv_header_time_h=yes
ac_cv_header_unistd_h=yes
ac_cv_header_vfork_h=no
ac_cv_header_winsock2_h=no
ac_cv_host=i686-pc-linux-gnu
ac_cv_objext=o
ac_cv_path_EGREP='/bin/grep -E'
ac_cv_path_FGREP='/bin/grep -F'
ac_cv_path_GREP=/bin/grep
ac_cv_path_SED=/bin/sed
ac_cv_path_install='/usr/bin/install -c'
ac_cv_path_mkdir=/bin/mkdir
ac_cv_prog_AWK=gawk
ac_cv_prog_CPP='gcc -std=gnu99 -E'
ac_cv_prog_ac_ct_AR=ar
ac_cv_prog_ac_ct_CC=gcc
ac_cv_prog_ac_ct_MANIFEST_TOOL=mt
ac_cv_prog_ac_ct_OBJDUMP=objdump
ac_cv_prog_ac_ct_RANLIB=ranlib
ac_cv_prog_ac_ct_STRIP=strip
ac_cv_prog_ac_libmodbus_have_asciidoc=no
ac_cv_prog_ac_libmodbus_have_xmlto=no
ac_cv_prog_cc_c89=
ac_cv_prog_cc_c99=-std=gnu99
ac_cv_prog_cc_g=yes
ac_cv_prog_cc_stdc=-std=gnu99
ac_cv_prog_cxx_g=no
ac_cv_prog_make_make_set=yes
ac_cv_safe_to_define___extensions__=yes
ac_cv_sys_file_offset_bits=64
ac_cv_sys_largefile_CC=no
ac_cv_type_pid_t=yes
ac_cv_type_size_t=yes
ac_cv_type_ssize_t=yes
am_cv_CC_dependencies_compiler_type=gcc3
am_cv_CXX_dependencies_compiler_type=none
am_cv_make_support_nested_variables=yes
am_cv_prog_cc_c_o=yes
am_cv_prog_tar_pax=gnutar
lt_cv_ar_at_file=@
lt_cv_archive_cmds_need_lc=no
lt_cv_deplibs_check_method=pass_all
lt_cv_file_magic_cmd='$MAGIC_CMD'
lt_cv_file_magic_test_file=
lt_cv_ld_reload_flag=-r
lt_cv_nm_interface='BSD nm'
lt_cv_objdir=.libs
lt_cv_path_LD=/usr/bin/ld
lt_cv_path_NM='/usr/bin/nm -B'
lt_cv_path_mainfest_tool=no
lt_cv_prog_compiler_c_o=yes
lt_cv_prog_compiler_pic='-fPIC -DPIC'
lt_cv_prog_compiler_pic_works=yes
lt_cv_prog_compiler_rtti_exceptions=no
lt_cv_prog_compiler_static_works=yes
lt_cv_prog_gnu_ld=yes
lt_cv_sharedlib_from_linklib_cmd='printf %s\n'
lt_cv_shlibpath_overrides_runpath=no
lt_cv_sys_global_symbol_pipe='sed -n -e '\''s/^.*[	 ]\([ABCDGIRSTW][ABCDGIRSTW]*\)[	 ][	 ]*\([_A-Za-z][_A-Za-z0-9]*\)$/\1 \2 \2/p'\'' | sed '\''/ __gnu_lto/d'\'''
lt_cv_sys_global_symbol_to_c_name_address='sed -n -e '\''s/^: \([^ ]*\)[ ]*$/  {\"\1\", (void *) 0},/p'\'' -e '\''s/^[ABCDGIRSTW]* \([^ ]*\) \([^ ]*\)$/  {"\2", (void *) \&\2},/p'\'''
lt_cv_sys_global_symbol_to_c_name_address_lib_prefix='sed -n -e '\''s/^: \([^ ]*\)[ ]*$/  {\"\1\", (void *) 0},/p'\'' -e '\''s/^[ABCDGIRSTW]* \([^ ]*\) \(lib[^ ]*\)$/  {"\2", (void *) \&\2},/p'\'' -e '\''s/^[ABCDGIRSTW]* \([^ ]*\) \([^ ]*\)$/  {"lib\2", (void *) \&\2},/p'\'''
lt_cv_sys_global_symbol_to_cdecl='sed -n -e '\''s/^T .* \(.*\)$/extern int \1();/p'\'' -e '\''s/^[ABCDGIRSTW]* .* \(.*\)$/extern char \1;/p'\'''
lt_cv_sys_max_cmd_len=1572864
lt_cv_to_host_file_cmd=func_convert_file_noop
lt_cv_to_tool_file_cmd=func_convert_file_noop

## ----------------- ##
## Output variables. ##
## ----------------- ##

ACLOCAL='${SHELL} /home/admin/work/dep/ore/libmodbus/build-aux/missing aclocal-1.14'
AMDEPBACKSLASH='\'
AMDEP_FALSE='#'
AMDEP_TRUE=''
AMTAR='$${TAR-tar}'
AM_BACKSLASH='\'
AM_DEFAULT_V='$(AM_DEFAULT_VERBOSITY)'
AM_DEFAULT_VERBOSITY='0'
AM_V='$(V)'
AR='ar'
AS='as'
AUTOCONF='${SHELL} /home/admin/work/dep/ore/libmodbus/build-aux/missing autoconf'
AUTOHEADER='${SHELL} /home/admin/work/dep/ore/libmodbus/build-aux/missing autoheader'
AUTOMAKE='${SHELL} /home/admin/work/dep/ore/libmodbus/build-aux/missing automake-1.14'
AWK='gawk'
BUILD_DOC_FALSE=''
BUILD_DOC_TRUE='#'
BUILD_TESTS_FALSE='#'
BUILD_TESTS_TRUE=''
CC='gcc -std=gnu99'
CCDEPMODE='depmode=gcc3'
CFLAGS='-g -O2'
CPP='gcc -std=gnu99 -E'
CPPFLAGS=''
CXX='g++'
CXXCPP=''
CXXDEPMODE='depmode=none'
CXXFLAGS=''
CYGPATH_W='echo'
DEFS='-DHAVE_CONFIG_H'
DEPDIR='.deps'
DLLTOOL='false'
DSYMUTIL=''
DUMPBIN=''
ECHO_C=''
ECHO_N='-n'
ECHO_T=''
EGREP='/bin/grep -E'
EXEEXT=''
FGREP='/bin/grep -F'
GREP='/bin/grep'
INSTALL_DATA='${INSTALL} -m 644'
INSTALL_PROGRAM='${INSTALL}'
INSTALL_SCRIPT='${INSTALL}'
INSTALL_STRIP_PROGRAM='$(install_sh) -c -s'
LD='/usr/bin/ld'
LDFLAGS=''
LIBMODBUS_LT_VERSION_INFO='6:0:1'
LIBMODBUS_VERSION='3.1.4'
LIBMODBUS_VERSION_MAJOR='3'
LIBMODBUS_VERSION_MICRO='4'
LIBMODBUS_VERSION_MINOR='1'
LIBOBJS=''
LIBS=''
LIBTOOL='$(SHELL) $(top_builddir)/libtool'
LIPO=''
LN_S='ln -s'
LTLIBOBJS=''
MAKEINFO='${SHELL} /home/admin/work/dep/ore/libmodbus/build-aux/missing makeinfo'
MANIFEST_TOOL=':'
MKDIR_P='/bin/mkdir -p'
NM='/usr/bin/nm -B'
NMEDIT=''
OBJDUMP='objdump'
OBJEXT='o'
OS_QNX_FALSE=''
OS_QNX_TRUE='#'
OS_WIN32_FALSE=''
OS_WIN32_TRUE='#'
OTOOL64=''
OTOOL=''
PACKAGE='libmodbus'
PACKAGE_BUGREPORT='https://github.com/stephane/libmodbus/issues'
PACKAGE_NAME='libmodbus'
PACKAGE_STRING='libmodbus 3.1.4'
PACKAGE_TARNAME='libmodbus'
PACKAGE_URL='http://libmodbus.org/'
PACKAGE_VERSION='3.1.4'
PATH_SEPARATOR=':'
RANLIB='ranlib'
SED='/bin/sed'
SET_MAKE=''
SHELL='/bin/bash'
STRIP='strip'
VERSION='3.1.4'
ac_ct_AR='ar'
ac_ct_CC='gcc'
ac_ct_CXX=''
ac_ct_DUMPBIN=''
ac_libmodbus_have_asciidoc='no'
ac_libmodbus_have_xmlto='no'
am__EXEEXT_FALSE=''
am__EXEEXT_TRUE='#'
am__fastdepCC_FALSE='#'
am__fastdepCC_TRUE=''
am__fastdepCXX_FALSE=''
am__fastdepCXX_TRUE='#'
am__include='include'
am__isrc=''
am__leading_dot='.'
am__nodep='_no'
am__quote=''
am__tar='tar --format=posix -chf - "$$tardir"'
am__untar='tar -xf -'
bindir='${exec_prefix}/bin'
build='i686-pc-linux-gnu'
build_alias=''
build_cpu='i686'
build_os='linux-gnu'
build_vendor='pc'
datadir='${datarootdir}'
datarootdir='${prefix}/share'
docdir='${datarootdir}/doc/${PACKAGE_TARNAME}'
dvidir='${docdir}'
exec_prefix='${prefix}'
host='i686-pc-linux-gnu'
host_alias=''
host_cpu='i686'
host_os='linux-gnu'
host_vendor='pc'
htmldir='${docdir}'
includedir='${prefix}/include'
infodir='${datarootdir}/info'
install_sh='${SHELL} /home/admin/work/dep/ore/libmodbus/build-aux/install-sh'
libdir='${exec_prefix}/lib'
libexecdir='${exec_prefix}/libexec'
localedir='${datarootdir}/locale'
localstatedir='${prefix}/var'
mandir='${datarootdir}/man'
mkdir_p='$(MKDIR_P)'
my_CFLAGS='-Wall -Wmissing-declarations -Wmissing-prototypes -Wnested-externs -Wpointer-arith -Wpointer-arith -Wsign-compare -Wchar-subscripts -Wstrict-prototypes -Wshadow -Wformat-security'
oldincludedir='/usr/include'
pdfdir='${docdir}'
prefix='/usr/local'
program_transform_name='s,x,x,'
psdir='${docdir}'
sbindir='${exec_prefix}/sbin'
sharedstatedir='${prefix}/com'
sysconfdir='${prefix}/etc'
target_alias=''

## ----------- ##
## confdefs.h. ##
## ----------- ##

/* confdefs.h */
#define PACKAGE_NAME "libmodbus"
#define PACKAGE_TARNAME "libmodbus"
#define PACKAGE_VERSION "3.1.4"
#define PACKAGE_STRING "libmodbus 3.1.4"
#define PACKAGE_BUGREPORT "https://github.com/stephane/libmodbus/issues"
#define PACKAGE_URL "http://libmodbus.org/"
#define PACKAGE "libmodbus"
#define VERSION "3.1.4"
#define STDC_HEADERS 1
#define HAVE_SYS_TYPES_H 1
#define HAVE_SYS_STAT_H 1
#define HAVE_STDLIB_H 1
#define HAVE_STRING_H 1
#define HAVE_MEMORY_H 1
#define HAVE_STRINGS_H 1
#define HAVE_INTTYPES_H 1
#define HAVE_STDINT_H 1
#define HAVE_UNISTD_H 1
#define __EXTENSIONS__ 1
#define _ALL_SOURCE 1
#define _GNU_SOURCE 1
#define _POSIX_PTHREAD_SEMANTICS 1
#define _TANDEM_SOURCE 1
#define _FILE_OFFSET_BITS 64
#define HAVE_DLFCN_H 1
#define LT_OBJDIR ".libs/"
#define HAVE_ARPA_INET_H 1
#define HAVE_BYTESWAP_H 1
#define HAVE_ERRNO_H 1
#define HAVE_FCNTL_H 1
#define HAVE_LIMITS_H 1
#define HAVE_LINUX_SERIAL_H 1
#define HAVE_NETDB_H 1
#define HAVE_NETINET_IN_H 1
#define HAVE_NETINET_TCP_H 1
#define HAVE_SYS_IOCTL_H 1
#define HAVE_SYS_SOCKET_H 1
#define HAVE_SYS_TIME_H 1
#define HAVE_SYS_TYPES_H 1
#define HAVE_TERMIOS_H 1
#define HAVE_TIME_H 1
#define HAVE_UNISTD_H 1
#define HAVE_DECL___CYGWIN__ 0
#define HAVE_FORK 1
#define HAVE_VFORK 1
#define HAVE_WORKING_VFORK 1
#define HAVE_WORKING_FORK 1
#define HAVE_STDLIB_H 1
#define HAVE_MALLOC 1
#define HAVE_ACCEPT4 1
#define HAVE_GETADDRINFO 1
#define HAVE_GETTIMEOFDAY 1
#define HAVE_INET_NTOA 1
#define HAVE_MEMSET 1
#define HAVE_SELECT 1
#define HAVE_SOCKET 1
#define HAVE_STRERROR 1
#define WINVER 0x0501
#define HAVE_DECL_TIOCSRS485 1
#define HAVE_DECL_TIOCM_RTS 1

configure: exit 0
